Using pre-set license
Built from '2020.3/staging' branch; Version is '2020.3.4f1 (0abb6314276a) revision 703331'; Using compiler version '192528614'; Build Type 'Release'
OS: 'Windows 10 Pro; OS build 18363.1500; Version 1909; 64bit' Language: 'ko' Physical Memory: 16315 MB
BatchMode: 1, IsHumanControllingUs: 0, StartBugReporterOnCrash: 0, Is64bit: 1, IsPro: 0

 COMMAND LINE ARGUMENTS:
C:\Program Files\Unity\Hub\Editor\2020.3.4f1\Editor\Unity.exe
-adb2
-batchMode
-noUpm
-name
AssetImportWorker0
-projectPath
C:/Users/DMC CONET/source/repos/Unity/VR/360Project
-logFile
Logs/AssetImportWorker0.log
-srvPort
58831
Successfully changed project path to: C:/Users/DMC CONET/source/repos/Unity/VR/360Project
C:/Users/DMC CONET/source/repos/Unity/VR/360Project
Using Asset Import Pipeline V2.
Refreshing native plugins compatible for Editor in 21.34 ms, found 0 plugins.
Preloading 0 native plugins for Editor in 0.00 ms.
Initialize engine version: 2020.3.4f1 (0abb6314276a)
[Subsystems] Discovering subsystems at path C:/Program Files/Unity/Hub/Editor/2020.3.4f1/Editor/Data/Resources/UnitySubsystems
[Subsystems] Discovering subsystems at path C:/Users/DMC CONET/source/repos/Unity/VR/360Project/Assets
GfxDevice: creating device client; threaded=0
Direct3D:
    Version:  Direct3D 11.0 [level 11.1]
    Renderer: NVIDIA GeForce GTX 1660 SUPER (ID=0x21c4)
    Vendor:   
    VRAM:     5991 MB
    Driver:   27.21.14.5751
Initialize mono
Mono path[0] = 'C:/Program Files/Unity/Hub/Editor/2020.3.4f1/Editor/Data/Managed'
Mono path[1] = 'C:/Program Files/Unity/Hub/Editor/2020.3.4f1/Editor/Data/MonoBleedingEdge/lib/mono/unityjit'
Mono config path = 'C:/Program Files/Unity/Hub/Editor/2020.3.4f1/Editor/Data/MonoBleedingEdge/etc'
Using monoOptions --debugger-agent=transport=dt_socket,embedding=1,server=y,suspend=n,address=127.0.0.1:56636
Begin MonoManager ReloadAssembly
Registering precompiled unity dll's ...
Register platform support module: C:/Program Files/Unity/Hub/Editor/2020.3.4f1/Editor/Data/PlaybackEngines/WindowsStandaloneSupport/UnityEditor.WindowsStandalone.Extensions.dll
Registered in 0.001368 seconds.
Native extension for WindowsStandalone target not found
Refreshing native plugins compatible for Editor in 21.14 ms, found 0 plugins.
Preloading 0 native plugins for Editor in 0.00 ms.
Mono: successfully reloaded assembly
- Completed reload, in  1.508 seconds
Platform modules already initialized, skipping
Registering precompiled user dll's ...
Registered in 0.000542 seconds.
Begin MonoManager ReloadAssembly
Native extension for WindowsStandalone target not found
Refreshing native plugins compatible for Editor in 0.19 ms, found 0 plugins.
Preloading 0 native plugins for Editor in 0.00 ms.
Mono: successfully reloaded assembly
- Completed reload, in  0.731 seconds
Platform modules already initialized, skipping
========================================================================
Worker process is ready to serve import requests
Launched and connected shader compiler UnityShaderCompiler.exe after 0.03 seconds
Refreshing native plugins compatible for Editor in 0.21 ms, found 0 plugins.
Preloading 0 native plugins for Editor in 0.00 ms.
Unloading 1118 Unused Serialized files (Serialized files now loaded: 0)
System memory in use before: 61.0 MB.
System memory in use after: 61.0 MB.

Unloading 10 unused Assets to reduce memory usage. Loaded Objects now: 1564.
Total: 1.470300 ms (FindLiveObjects: 0.141600 ms CreateObjectMapping: 0.040700 ms MarkObjects: 1.215100 ms  DeleteObjects: 0.071900 ms)

========================================================================
Received Import Request.
  path: Assets/Test.cs
  artifactKey: Guid(1e5a757fcad1bd344b287cdc4ff8323c) Importer(815301076,1909f56bfc062723c751e8b465ee728b)
Start importing Assets/Test.cs using Guid(1e5a757fcad1bd344b287cdc4ff8323c) Importer(815301076,1909f56bfc062723c751e8b465ee728b)  -> (artifact id: '446667f347f83ad50f4925c9bb5fbc25') in 0.018403 seconds
  Import took 0.020445 seconds .

========================================================================
Received Prepare
Registering precompiled user dll's ...
Registered in 0.000547 seconds.
Begin MonoManager ReloadAssembly
Native extension for WindowsStandalone target not found
Refreshing native plugins compatible for Editor in 0.20 ms, found 0 plugins.
Preloading 0 native plugins for Editor in 0.00 ms.
Mono: successfully reloaded assembly
- Completed reload, in  0.783 seconds
Platform modules already initialized, skipping
Refreshing native plugins compatible for Editor in 0.31 ms, found 0 plugins.
Preloading 0 native plugins for Editor in 0.00 ms.
Unloading 1112 Unused Serialized files (Serialized files now loaded: 0)
System memory in use before: 60.8 MB.
System memory in use after: 60.9 MB.

Unloading 5 unused Assets to reduce memory usage. Loaded Objects now: 1567.
Total: 1.626400 ms (FindLiveObjects: 0.215600 ms CreateObjectMapping: 0.066700 ms MarkObjects: 1.288800 ms  DeleteObjects: 0.053900 ms)

========================================================================
Received Prepare
Registering precompiled user dll's ...
Registered in 0.000531 seconds.
Begin MonoManager ReloadAssembly
Native extension for WindowsStandalone target not found
Refreshing native plugins compatible for Editor in 0.19 ms, found 0 plugins.
Preloading 0 native plugins for Editor in 0.00 ms.
Mono: successfully reloaded assembly
- Completed reload, in  0.659 seconds
Platform modules already initialized, skipping
Refreshing native plugins compatible for Editor in 0.19 ms, found 0 plugins.
Preloading 0 native plugins for Editor in 0.00 ms.
Unloading 1112 Unused Serialized files (Serialized files now loaded: 0)
System memory in use before: 60.8 MB.
System memory in use after: 60.9 MB.

Unloading 5 unused Assets to reduce memory usage. Loaded Objects now: 1570.
Total: 1.308200 ms (FindLiveObjects: 0.123000 ms CreateObjectMapping: 0.030500 ms MarkObjects: 1.113900 ms  DeleteObjects: 0.040000 ms)

========================================================================
Received Import Request.
  Time since last request: 75.200716 seconds.
  path: Assets/Test.cs
  artifactKey: Guid(1e5a757fcad1bd344b287cdc4ff8323c) Importer(815301076,1909f56bfc062723c751e8b465ee728b)
Start importing Assets/Test.cs using Guid(1e5a757fcad1bd344b287cdc4ff8323c) Importer(815301076,1909f56bfc062723c751e8b465ee728b)  -> (artifact id: 'e4e2d5e22896705bce57b47987912d89') in 0.003372 seconds
  Import took 0.005499 seconds .

========================================================================
Received Import Request.
  Time since last request: 1992.862358 seconds.
  path: Assets/Pocket Portal VR
  artifactKey: Guid(4960d4a647d68964ebf72edc17ab8e29) Importer(815301076,1909f56bfc062723c751e8b465ee728b)
Start importing Assets/Pocket Portal VR using Guid(4960d4a647d68964ebf72edc17ab8e29) Importer(815301076,1909f56bfc062723c751e8b465ee728b)  -> (artifact id: 'f85527f5a606efbcb9a860bb0c9f1dff') in 0.006962 seconds
  Import took 0.010084 seconds .

========================================================================
Received Import Request.
  Time since last request: 4.682171 seconds.
  path: Assets/Pocket Portal VR/Portal-Prefabs
  artifactKey: Guid(00be3bca28fb54bdc89182dacb064381) Importer(815301076,1909f56bfc062723c751e8b465ee728b)
Start importing Assets/Pocket Portal VR/Portal-Prefabs using Guid(00be3bca28fb54bdc89182dacb064381) Importer(815301076,1909f56bfc062723c751e8b465ee728b)  -> (artifact id: 'cee118bbcca682532885a838681a1369') in 0.006920 seconds
  Import took 0.008597 seconds .

========================================================================
Received Import Request.
  Time since last request: 0.077726 seconds.
  path: Assets/Pocket Portal VR/Portal-Prefabs/doorway.prefab
  artifactKey: Guid(15ca36c1db79d4278b0f674fd440db1a) Importer(815301076,1909f56bfc062723c751e8b465ee728b)
Start importing Assets/Pocket Portal VR/Portal-Prefabs/doorway.prefab using Guid(15ca36c1db79d4278b0f674fd440db1a) Importer(815301076,1909f56bfc062723c751e8b465ee728b)  -> (artifact id: '67e5679e5a522c7ad0d866af9498bbcb') in 0.084564 seconds
  Import took 0.086685 seconds .

========================================================================
Received Import Request.
  Time since last request: 0.000241 seconds.
  path: Assets/Pocket Portal VR/Portal-Prefabs/square-portal-vr.prefab
  artifactKey: Guid(2e96bad7648274c979e0f511bf1e9572) Importer(815301076,1909f56bfc062723c751e8b465ee728b)
Start importing Assets/Pocket Portal VR/Portal-Prefabs/square-portal-vr.prefab using Guid(2e96bad7648274c979e0f511bf1e9572) Importer(815301076,1909f56bfc062723c751e8b465ee728b)  -> (artifact id: 'f796b235f66ef7eed89c7e435042a2f6') in 0.013467 seconds
  Import took 0.015748 seconds .

========================================================================
Received Prepare
Registering precompiled user dll's ...
Registered in 0.000563 seconds.
Begin MonoManager ReloadAssembly
Native extension for WindowsStandalone target not found
Refreshing native plugins compatible for Editor in 0.20 ms, found 0 plugins.
Preloading 0 native plugins for Editor in 0.00 ms.
Mono: successfully reloaded assembly
- Completed reload, in  0.669 seconds
Platform modules already initialized, skipping
Refreshing native plugins compatible for Editor in 0.19 ms, found 0 plugins.
Preloading 0 native plugins for Editor in 0.00 ms.
Unloading 1134 Unused Serialized files (Serialized files now loaded: 0)
System memory in use before: 64.7 MB.
System memory in use after: 64.7 MB.

Unloading 8 unused Assets to reduce memory usage. Loaded Objects now: 1601.
Total: 1.371000 ms (FindLiveObjects: 0.133100 ms CreateObjectMapping: 0.032400 ms MarkObjects: 1.141000 ms  DeleteObjects: 0.063800 ms)

========================================================================
Received Import Request.
  Time since last request: 98.406090 seconds.
  path: Assets/Pocket Portal VR/Portal-Prefabs/doorway.prefab
  artifactKey: Guid(15ca36c1db79d4278b0f674fd440db1a) Importer(815301076,1909f56bfc062723c751e8b465ee728b)
Start importing Assets/Pocket Portal VR/Portal-Prefabs/doorway.prefab using Guid(15ca36c1db79d4278b0f674fd440db1a) Importer(815301076,1909f56bfc062723c751e8b465ee728b)  -> (artifact id: '488fe68e2473255519469db870080dcb') in 0.046240 seconds
  Import took 0.048076 seconds .

========================================================================
Received Import Request.
  Time since last request: 0.000135 seconds.
  path: Assets/Pocket Portal VR/Portal-Prefabs/square-portal-vr.prefab
  artifactKey: Guid(2e96bad7648274c979e0f511bf1e9572) Importer(815301076,1909f56bfc062723c751e8b465ee728b)
Start importing Assets/Pocket Portal VR/Portal-Prefabs/square-portal-vr.prefab using Guid(2e96bad7648274c979e0f511bf1e9572) Importer(815301076,1909f56bfc062723c751e8b465ee728b)  -> (artifact id: 'd613bfe96021ea9d62557bed48f0fa9c') in 0.006129 seconds
  Import took 0.008162 seconds .

========================================================================
Received Import Request.
  Time since last request: 248.145068 seconds.
  path: Assets/ReverseNormals.cs
  artifactKey: Guid(59106694491756349a43762c43ef1f50) Importer(815301076,1909f56bfc062723c751e8b465ee728b)
Start importing Assets/ReverseNormals.cs using Guid(59106694491756349a43762c43ef1f50) Importer(815301076,1909f56bfc062723c751e8b465ee728b)  -> (artifact id: 'f94755036e95fe4fd68ca78e3156c928') in 0.006333 seconds
  Import took 0.008690 seconds .

========================================================================
Received Import Request.
  Time since last request: 0.000976 seconds.
  path: Assets/ReverseNormals.cs
  artifactKey: Guid(59106694491756349a43762c43ef1f50) Importer(815301076,1909f56bfc062723c751e8b465ee728b)
Start importing Assets/ReverseNormals.cs using Guid(59106694491756349a43762c43ef1f50) Importer(815301076,1909f56bfc062723c751e8b465ee728b)  -> (artifact id: 'f94755036e95fe4fd68ca78e3156c928') in 0.001595 seconds
  Import took 0.003479 seconds .

========================================================================
Received Prepare
Registering precompiled user dll's ...
Registered in 0.000492 seconds.
Begin MonoManager ReloadAssembly
Native extension for WindowsStandalone target not found
Refreshing native plugins compatible for Editor in 0.23 ms, found 0 plugins.
Preloading 0 native plugins for Editor in 0.00 ms.
Mono: successfully reloaded assembly
- Completed reload, in  0.681 seconds
Platform modules already initialized, skipping
Refreshing native plugins compatible for Editor in 0.19 ms, found 0 plugins.
Preloading 0 native plugins for Editor in 0.00 ms.
Unloading 1134 Unused Serialized files (Serialized files now loaded: 0)
System memory in use before: 64.7 MB.
System memory in use after: 64.8 MB.

Unloading 8 unused Assets to reduce memory usage. Loaded Objects now: 1605.
Total: 1.666400 ms (FindLiveObjects: 0.192700 ms CreateObjectMapping: 0.043800 ms MarkObjects: 1.353700 ms  DeleteObjects: 0.074700 ms)

========================================================================
Received Prepare
Registering precompiled user dll's ...
Registered in 0.000583 seconds.
Begin MonoManager ReloadAssembly
Native extension for WindowsStandalone target not found
Refreshing native plugins compatible for Editor in 0.23 ms, found 0 plugins.
Preloading 0 native plugins for Editor in 0.00 ms.
Mono: successfully reloaded assembly
- Completed reload, in  0.712 seconds
Platform modules already initialized, skipping
Refreshing native plugins compatible for Editor in 0.20 ms, found 0 plugins.
Preloading 0 native plugins for Editor in 0.00 ms.
Unloading 1134 Unused Serialized files (Serialized files now loaded: 0)
System memory in use before: 64.7 MB.
System memory in use after: 64.8 MB.

Unloading 7 unused Assets to reduce memory usage. Loaded Objects now: 1608.
Total: 1.472500 ms (FindLiveObjects: 0.148900 ms CreateObjectMapping: 0.037500 ms MarkObjects: 1.212100 ms  DeleteObjects: 0.072700 ms)

========================================================================
Received Prepare
Registering precompiled user dll's ...
Registered in 0.000602 seconds.
Begin MonoManager ReloadAssembly
Native extension for WindowsStandalone target not found
Refreshing native plugins compatible for Editor in 0.21 ms, found 0 plugins.
Preloading 0 native plugins for Editor in 0.00 ms.
Mono: successfully reloaded assembly
- Completed reload, in  0.693 seconds
Platform modules already initialized, skipping
Refreshing native plugins compatible for Editor in 0.22 ms, found 0 plugins.
Preloading 0 native plugins for Editor in 0.00 ms.
Unloading 1134 Unused Serialized files (Serialized files now loaded: 0)
System memory in use before: 64.7 MB.
System memory in use after: 64.8 MB.

Unloading 7 unused Assets to reduce memory usage. Loaded Objects now: 1611.
Total: 1.514400 ms (FindLiveObjects: 0.156000 ms CreateObjectMapping: 0.043000 ms MarkObjects: 1.236600 ms  DeleteObjects: 0.078000 ms)

========================================================================
Received Prepare
Registering precompiled user dll's ...
Registered in 0.000558 seconds.
Begin MonoManager ReloadAssembly
Native extension for WindowsStandalone target not found
Refreshing native plugins compatible for Editor in 0.21 ms, found 0 plugins.
Preloading 0 native plugins for Editor in 0.00 ms.
Mono: successfully reloaded assembly
- Completed reload, in  0.701 seconds
Platform modules already initialized, skipping
Refreshing native plugins compatible for Editor in 0.20 ms, found 0 plugins.
Preloading 0 native plugins for Editor in 0.00 ms.
Unloading 1134 Unused Serialized files (Serialized files now loaded: 0)
System memory in use before: 64.8 MB.
System memory in use after: 64.8 MB.

Unloading 7 unused Assets to reduce memory usage. Loaded Objects now: 1614.
Total: 1.518500 ms (FindLiveObjects: 0.176000 ms CreateObjectMapping: 0.045600 ms MarkObjects: 1.216900 ms  DeleteObjects: 0.078900 ms)

========================================================================
Received Prepare
Registering precompiled user dll's ...
Registered in 0.000538 seconds.
Begin MonoManager ReloadAssembly
Native extension for WindowsStandalone target not found
Refreshing native plugins compatible for Editor in 0.19 ms, found 0 plugins.
Preloading 0 native plugins for Editor in 0.00 ms.
Mono: successfully reloaded assembly
- Completed reload, in  0.653 seconds
Platform modules already initialized, skipping
Refreshing native plugins compatible for Editor in 0.19 ms, found 0 plugins.
Preloading 0 native plugins for Editor in 0.00 ms.
Unloading 1134 Unused Serialized files (Serialized files now loaded: 0)
System memory in use before: 64.8 MB.
System memory in use after: 64.8 MB.

Unloading 7 unused Assets to reduce memory usage. Loaded Objects now: 1617.
Total: 1.696400 ms (FindLiveObjects: 0.240000 ms CreateObjectMapping: 0.061400 ms MarkObjects: 1.317800 ms  DeleteObjects: 0.076100 ms)

========================================================================
Received Prepare
Registering precompiled user dll's ...
Registered in 0.000512 seconds.
Begin MonoManager ReloadAssembly
Native extension for WindowsStandalone target not found
Refreshing native plugins compatible for Editor in 0.19 ms, found 0 plugins.
Preloading 0 native plugins for Editor in 0.00 ms.
Mono: successfully reloaded assembly
- Completed reload, in  0.653 seconds
Platform modules already initialized, skipping
Refreshing native plugins compatible for Editor in 0.19 ms, found 0 plugins.
Preloading 0 native plugins for Editor in 0.00 ms.
Unloading 1134 Unused Serialized files (Serialized files now loaded: 0)
System memory in use before: 64.8 MB.
System memory in use after: 64.8 MB.

Unloading 7 unused Assets to reduce memory usage. Loaded Objects now: 1620.
Total: 1.475300 ms (FindLiveObjects: 0.128100 ms CreateObjectMapping: 0.036400 ms MarkObjects: 1.245000 ms  DeleteObjects: 0.065000 ms)

========================================================================
Received Import Request.
  Time since last request: 1994.693319 seconds.
  path: Assets/Materials
  artifactKey: Guid(f1010c7bbf4aac149a6a8bc2ac6e8782) Importer(815301076,1909f56bfc062723c751e8b465ee728b)
Start importing Assets/Materials using Guid(f1010c7bbf4aac149a6a8bc2ac6e8782) Importer(815301076,1909f56bfc062723c751e8b465ee728b)  -> (artifact id: '684694ee1158ae96990c726775cd9748') in 0.010155 seconds
  Import took 0.012330 seconds .

========================================================================
Received Import Request.
  Time since last request: 0.046808 seconds.
  path: Assets/Materials/Image.mat
  artifactKey: Guid(d16adab77be7e5148b1703e7f115cd1b) Importer(815301076,1909f56bfc062723c751e8b465ee728b)
Start importing Assets/Materials/Image.mat using Guid(d16adab77be7e5148b1703e7f115cd1b) Importer(815301076,1909f56bfc062723c751e8b465ee728b)  -> (artifact id: '80ac1ad95c759446516800022b5654bb') in 0.074904 seconds
  Import took 0.076810 seconds .

========================================================================
Received Import Request.
  Time since last request: 34.442658 seconds.
  path: ProjectSettings/TagManager.asset
  artifactKey: Guid(00000000000000003000000000000000) Importer(815301076,1909f56bfc062723c751e8b465ee728b)
Start importing ProjectSettings/TagManager.asset using Guid(00000000000000003000000000000000) Importer(815301076,1909f56bfc062723c751e8b465ee728b)  -> (artifact id: '5cdd425f01cf626211dd37e1af0dc49e') in 0.007837 seconds
  Import took 0.009789 seconds .

========================================================================
Received Prepare
Registering precompiled user dll's ...
Registered in 0.000570 seconds.
Begin MonoManager ReloadAssembly
Native extension for WindowsStandalone target not found
Refreshing native plugins compatible for Editor in 0.21 ms, found 0 plugins.
Preloading 0 native plugins for Editor in 0.00 ms.
Mono: successfully reloaded assembly
- Completed reload, in  0.662 seconds
Platform modules already initialized, skipping
Refreshing native plugins compatible for Editor in 0.23 ms, found 0 plugins.
Preloading 0 native plugins for Editor in 0.00 ms.
Unloading 1134 Unused Serialized files (Serialized files now loaded: 0)
System memory in use before: 65.0 MB.
System memory in use after: 65.0 MB.

Unloading 8 unused Assets to reduce memory usage. Loaded Objects now: 1657.
Total: 1.529100 ms (FindLiveObjects: 0.182500 ms CreateObjectMapping: 0.041400 ms MarkObjects: 1.232400 ms  DeleteObjects: 0.070900 ms)

========================================================================
Received Prepare
Registering precompiled user dll's ...
Registered in 0.000535 seconds.
Begin MonoManager ReloadAssembly
Native extension for WindowsStandalone target not found
Refreshing native plugins compatible for Editor in 0.20 ms, found 0 plugins.
Preloading 0 native plugins for Editor in 0.00 ms.
Mono: successfully reloaded assembly
- Completed reload, in  0.646 seconds
Platform modules already initialized, skipping
Refreshing native plugins compatible for Editor in 0.19 ms, found 0 plugins.
Preloading 0 native plugins for Editor in 0.00 ms.
Unloading 1134 Unused Serialized files (Serialized files now loaded: 0)
System memory in use before: 65.0 MB.
System memory in use after: 65.0 MB.

Unloading 7 unused Assets to reduce memory usage. Loaded Objects now: 1660.
Total: 1.455300 ms (FindLiveObjects: 0.143900 ms CreateObjectMapping: 0.037400 ms MarkObjects: 1.205600 ms  DeleteObjects: 0.067600 ms)

========================================================================
Received Prepare
Registering precompiled user dll's ...
Registered in 0.000543 seconds.
Begin MonoManager ReloadAssembly
Native extension for WindowsStandalone target not found
Refreshing native plugins compatible for Editor in 0.20 ms, found 0 plugins.
Preloading 0 native plugins for Editor in 0.00 ms.
Mono: successfully reloaded assembly
- Completed reload, in  0.652 seconds
Platform modules already initialized, skipping
Refreshing native plugins compatible for Editor in 0.19 ms, found 0 plugins.
Preloading 0 native plugins for Editor in 0.00 ms.
Unloading 1134 Unused Serialized files (Serialized files now loaded: 0)
System memory in use before: 65.0 MB.
System memory in use after: 65.1 MB.

Unloading 7 unused Assets to reduce memory usage. Loaded Objects now: 1663.
Total: 1.441900 ms (FindLiveObjects: 0.131900 ms CreateObjectMapping: 0.034200 ms MarkObjects: 1.203400 ms  DeleteObjects: 0.071700 ms)

AssetImportWorkerClient::OnTransportError - code=2 error=End of file
