Using pre-set license
Built from '2020.3/staging' branch; Version is '2020.3.4f1 (0abb6314276a) revision 703331'; Using compiler version '192528614'; Build Type 'Release'
OS: 'Windows 10 Pro; OS build 18363.1500; Version 1909; 64bit' Language: 'ko' Physical Memory: 16315 MB
BatchMode: 1, IsHumanControllingUs: 0, StartBugReporterOnCrash: 0, Is64bit: 1, IsPro: 0

 COMMAND LINE ARGUMENTS:
C:\Program Files\Unity\Hub\Editor\2020.3.4f1\Editor\Unity.exe
-adb2
-batchMode
-noUpm
-name
AssetImportWorker0
-projectPath
C:/Users/DMC CONET/source/repos/Unity/VR/360Project
-logFile
Logs/AssetImportWorker0.log
-srvPort
65528
Successfully changed project path to: C:/Users/DMC CONET/source/repos/Unity/VR/360Project
C:/Users/DMC CONET/source/repos/Unity/VR/360Project
Using Asset Import Pipeline V2.
Refreshing native plugins compatible for Editor in 20.96 ms, found 0 plugins.
Preloading 0 native plugins for Editor in 0.00 ms.
Initialize engine version: 2020.3.4f1 (0abb6314276a)
[Subsystems] Discovering subsystems at path C:/Program Files/Unity/Hub/Editor/2020.3.4f1/Editor/Data/Resources/UnitySubsystems
[Subsystems] Discovering subsystems at path C:/Users/DMC CONET/source/repos/Unity/VR/360Project/Assets
GfxDevice: creating device client; threaded=0
Direct3D:
    Version:  Direct3D 11.0 [level 11.1]
    Renderer: NVIDIA GeForce GTX 1660 SUPER (ID=0x21c4)
    Vendor:   
    VRAM:     5991 MB
    Driver:   27.21.14.5751
Initialize mono
Mono path[0] = 'C:/Program Files/Unity/Hub/Editor/2020.3.4f1/Editor/Data/Managed'
Mono path[1] = 'C:/Program Files/Unity/Hub/Editor/2020.3.4f1/Editor/Data/MonoBleedingEdge/lib/mono/unityjit'
Mono config path = 'C:/Program Files/Unity/Hub/Editor/2020.3.4f1/Editor/Data/MonoBleedingEdge/etc'
Using monoOptions --debugger-agent=transport=dt_socket,embedding=1,server=y,suspend=n,address=127.0.0.1:56308
Begin MonoManager ReloadAssembly
Registering precompiled unity dll's ...
Register platform support module: C:/Program Files/Unity/Hub/Editor/2020.3.4f1/Editor/Data/PlaybackEngines/WindowsStandaloneSupport/UnityEditor.WindowsStandalone.Extensions.dll
Registered in 0.001302 seconds.
Native extension for WindowsStandalone target not found
Refreshing native plugins compatible for Editor in 21.83 ms, found 0 plugins.
Preloading 0 native plugins for Editor in 0.00 ms.
Mono: successfully reloaded assembly
- Completed reload, in  1.363 seconds
Platform modules already initialized, skipping
Registering precompiled user dll's ...
Registered in 0.000502 seconds.
Begin MonoManager ReloadAssembly
Native extension for WindowsStandalone target not found
Refreshing native plugins compatible for Editor in 0.19 ms, found 0 plugins.
Preloading 0 native plugins for Editor in 0.00 ms.
Mono: successfully reloaded assembly
- Completed reload, in  0.704 seconds
Platform modules already initialized, skipping
========================================================================
Worker process is ready to serve import requests
Launched and connected shader compiler UnityShaderCompiler.exe after 0.03 seconds
Refreshing native plugins compatible for Editor in 0.35 ms, found 0 plugins.
Preloading 0 native plugins for Editor in 0.00 ms.
Unloading 1140 Unused Serialized files (Serialized files now loaded: 0)
System memory in use before: 61.8 MB.
System memory in use after: 61.8 MB.

Unloading 10 unused Assets to reduce memory usage. Loaded Objects now: 1586.
Total: 1.673000 ms (FindLiveObjects: 0.132400 ms CreateObjectMapping: 0.048100 ms MarkObjects: 1.420400 ms  DeleteObjects: 0.071300 ms)

========================================================================
Received Import Request.
  path: Assets/Video.mat
  artifactKey: Guid(08f5b2c03a74a0f45bf93fefdee81ca5) Importer(815301076,1909f56bfc062723c751e8b465ee728b)
Start importing Assets/Video.mat using Guid(08f5b2c03a74a0f45bf93fefdee81ca5) Importer(815301076,1909f56bfc062723c751e8b465ee728b)  -> (artifact id: '9ce8d27767acac7f13ae0f0f0f800f34') in 0.082945 seconds
  Import took 0.084891 seconds .

========================================================================
Received Import Request.
  Time since last request: 20.653397 seconds.
  path: Assets/Pocket Portal VR/Demo
  artifactKey: Guid(34694b31886a6437987275819fcdc3d4) Importer(815301076,1909f56bfc062723c751e8b465ee728b)
Start importing Assets/Pocket Portal VR/Demo using Guid(34694b31886a6437987275819fcdc3d4) Importer(815301076,1909f56bfc062723c751e8b465ee728b)  -> (artifact id: '98eab89cfe51f05ad441e78f5b2b1909') in 0.006325 seconds
  Import took 0.008155 seconds .

========================================================================
Received Import Request.
  Time since last request: 0.262832 seconds.
  path: Assets/Pocket Portal VR/Editor
  artifactKey: Guid(4f3897555d436425c918dd7b14a86748) Importer(815301076,1909f56bfc062723c751e8b465ee728b)
Start importing Assets/Pocket Portal VR/Editor using Guid(4f3897555d436425c918dd7b14a86748) Importer(815301076,1909f56bfc062723c751e8b465ee728b)  -> (artifact id: '12d364d053ac37218d157229a82d00a4') in 0.006359 seconds
  Import took 0.008272 seconds .

========================================================================
Received Import Request.
  Time since last request: 0.151087 seconds.
  path: Assets/Pocket Portal VR/Materials
  artifactKey: Guid(924ec934d4dec48049c9a152446ed40e) Importer(815301076,1909f56bfc062723c751e8b465ee728b)
Start importing Assets/Pocket Portal VR/Materials using Guid(924ec934d4dec48049c9a152446ed40e) Importer(815301076,1909f56bfc062723c751e8b465ee728b)  -> (artifact id: 'e0e7c19462243a5f6538b013de8a98bd') in 0.002009 seconds
  Import took 0.003836 seconds .

========================================================================
Received Prepare
Registering precompiled user dll's ...
Registered in 0.000522 seconds.
Begin MonoManager ReloadAssembly
Native extension for WindowsStandalone target not found
Refreshing native plugins compatible for Editor in 0.19 ms, found 0 plugins.
Preloading 0 native plugins for Editor in 0.00 ms.
Mono: successfully reloaded assembly
- Completed reload, in  0.649 seconds
Platform modules already initialized, skipping
Refreshing native plugins compatible for Editor in 0.19 ms, found 0 plugins.
Preloading 0 native plugins for Editor in 0.00 ms.
Unloading 1132 Unused Serialized files (Serialized files now loaded: 0)
System memory in use before: 64.7 MB.
System memory in use after: 64.8 MB.

Unloading 5 unused Assets to reduce memory usage. Loaded Objects now: 1629.
Total: 1.525400 ms (FindLiveObjects: 0.124700 ms CreateObjectMapping: 0.030000 ms MarkObjects: 1.327500 ms  DeleteObjects: 0.042500 ms)

========================================================================
Received Prepare
Registering precompiled user dll's ...
Registered in 0.000526 seconds.
Begin MonoManager ReloadAssembly
Native extension for WindowsStandalone target not found
Refreshing native plugins compatible for Editor in 0.19 ms, found 0 plugins.
Preloading 0 native plugins for Editor in 0.00 ms.
Mono: successfully reloaded assembly
- Completed reload, in  0.643 seconds
Platform modules already initialized, skipping
Refreshing native plugins compatible for Editor in 0.19 ms, found 0 plugins.
Preloading 0 native plugins for Editor in 0.00 ms.
Unloading 1132 Unused Serialized files (Serialized files now loaded: 0)
System memory in use before: 64.8 MB.
System memory in use after: 64.8 MB.

Unloading 5 unused Assets to reduce memory usage. Loaded Objects now: 1632.
Total: 1.570700 ms (FindLiveObjects: 0.147000 ms CreateObjectMapping: 0.039100 ms MarkObjects: 1.335000 ms  DeleteObjects: 0.048800 ms)

========================================================================
Received Prepare
Registering precompiled user dll's ...
Registered in 0.000582 seconds.
Begin MonoManager ReloadAssembly
Native extension for WindowsStandalone target not found
Refreshing native plugins compatible for Editor in 0.21 ms, found 0 plugins.
Preloading 0 native plugins for Editor in 0.00 ms.
Mono: successfully reloaded assembly
- Completed reload, in  0.665 seconds
Platform modules already initialized, skipping
Refreshing native plugins compatible for Editor in 0.19 ms, found 0 plugins.
Preloading 0 native plugins for Editor in 0.00 ms.
Unloading 1132 Unused Serialized files (Serialized files now loaded: 0)
System memory in use before: 64.8 MB.
System memory in use after: 64.9 MB.

Unloading 5 unused Assets to reduce memory usage. Loaded Objects now: 1635.
Total: 1.992500 ms (FindLiveObjects: 0.183100 ms CreateObjectMapping: 0.099900 ms MarkObjects: 1.650700 ms  DeleteObjects: 0.057800 ms)

========================================================================
Received Prepare
Registering precompiled user dll's ...
Registered in 0.000742 seconds.
Begin MonoManager ReloadAssembly
Native extension for WindowsStandalone target not found
Refreshing native plugins compatible for Editor in 0.31 ms, found 0 plugins.
Preloading 0 native plugins for Editor in 0.00 ms.
Mono: successfully reloaded assembly
- Completed reload, in  0.817 seconds
Platform modules already initialized, skipping
Refreshing native plugins compatible for Editor in 0.21 ms, found 0 plugins.
Preloading 0 native plugins for Editor in 0.00 ms.
Unloading 1132 Unused Serialized files (Serialized files now loaded: 0)
System memory in use before: 64.8 MB.
System memory in use after: 64.9 MB.

Unloading 5 unused Assets to reduce memory usage. Loaded Objects now: 1638.
Total: 2.006500 ms (FindLiveObjects: 0.198700 ms CreateObjectMapping: 0.056200 ms MarkObjects: 1.675700 ms  DeleteObjects: 0.075000 ms)

AssetImportWorkerClient::OnTransportError - code=2 error=End of file
