Using pre-set license
Built from '2020.3/staging' branch; Version is '2020.3.4f1 (0abb6314276a) revision 703331'; Using compiler version '192528614'; Build Type 'Release'
OS: 'Windows 10 Pro; OS build 18363.1500; Version 1909; 64bit' Language: 'ko' Physical Memory: 16315 MB
BatchMode: 1, IsHumanControllingUs: 0, StartBugReporterOnCrash: 0, Is64bit: 1, IsPro: 0

 COMMAND LINE ARGUMENTS:
C:\Program Files\Unity\Hub\Editor\2020.3.4f1\Editor\Unity.exe
-adb2
-batchMode
-noUpm
-name
AssetImportWorker0
-projectPath
C:/Users/DMC CONET/source/repos/Unity/VR/Zombie-VR
-logFile
Logs/AssetImportWorker0.log
-srvPort
50801
Successfully changed project path to: C:/Users/DMC CONET/source/repos/Unity/VR/Zombie-VR
C:/Users/DMC CONET/source/repos/Unity/VR/Zombie-VR
Using Asset Import Pipeline V2.
Refreshing native plugins compatible for Editor in 36.75 ms, found 3 plugins.
Preloading 1 native plugins for Editor in 0.63 ms.
Initialize engine version: 2020.3.4f1 (0abb6314276a)
[Subsystems] Discovering subsystems at path C:/Program Files/Unity/Hub/Editor/2020.3.4f1/Editor/Data/Resources/UnitySubsystems
[Subsystems] Discovering subsystems at path C:/Users/DMC CONET/source/repos/Unity/VR/Zombie-VR/Assets
GfxDevice: creating device client; threaded=0
Direct3D:
    Version:  Direct3D 11.0 [level 11.1]
    Renderer: NVIDIA GeForce GTX 1660 SUPER (ID=0x21c4)
    Vendor:   
    VRAM:     5991 MB
    Driver:   27.21.14.5751
Initialize mono
Mono path[0] = 'C:/Program Files/Unity/Hub/Editor/2020.3.4f1/Editor/Data/Managed'
Mono path[1] = 'C:/Program Files/Unity/Hub/Editor/2020.3.4f1/Editor/Data/MonoBleedingEdge/lib/mono/unityjit'
Mono config path = 'C:/Program Files/Unity/Hub/Editor/2020.3.4f1/Editor/Data/MonoBleedingEdge/etc'
Using monoOptions --debugger-agent=transport=dt_socket,embedding=1,server=y,suspend=n,address=127.0.0.1:56372
Begin MonoManager ReloadAssembly
Registering precompiled unity dll's ...
Register platform support module: C:/Program Files/Unity/Hub/Editor/2020.3.4f1/Editor/Data/PlaybackEngines/WindowsStandaloneSupport/UnityEditor.WindowsStandalone.Extensions.dll
Registered in 0.001340 seconds.
Native extension for WindowsStandalone target not found
Refreshing native plugins compatible for Editor in 34.33 ms, found 3 plugins.
Preloading 1 native plugins for Editor in 0.07 ms.
Mono: successfully reloaded assembly
- Completed reload, in  1.369 seconds
Platform modules already initialized, skipping
Registering precompiled user dll's ...
Registered in 0.001267 seconds.
Begin MonoManager ReloadAssembly
Native extension for WindowsStandalone target not found
Refreshing native plugins compatible for Editor in 34.45 ms, found 3 plugins.
Preloading 1 native plugins for Editor in 0.08 ms.
[XR] OculusXRPlugin: registering subsystems
[XR] Unable to register display lifecyle provider: [1]
[XR] Oculus Input lifecycle provider registered.
[XR] Unable to register input lifecyle provider: [1]
NullReferenceException: Object reference not set to an instance of an object
  at Unity.XR.Oculus.OculusLoader.AssetPathToAbsolutePath (System.String assetPath) [0x00048] in C:\Users\DMC CONET\source\repos\Unity\Zombie-VR\Library\PackageCache\com.unity.xr.oculus@1.9.0\Runtime\OculusLoader.cs:249 
  at Unity.XR.Oculus.OculusLoader.EditorLoadOVRPlugin () [0x0007b] in C:\Users\DMC CONET\source\repos\Unity\Zombie-VR\Library\PackageCache\com.unity.xr.oculus@1.9.0\Runtime\OculusLoader.cs:234 

(Filename: C:/Users/DMC CONET/source/repos/Unity/Zombie-VR/Library/PackageCache/com.unity.xr.oculus@1.9.0/Runtime/OculusLoader.cs Line: 249)

Mono: successfully reloaded assembly
- Completed reload, in  0.902 seconds
Platform modules already initialized, skipping
========================================================================
Worker process is ready to serve import requests
Launched and connected shader compiler UnityShaderCompiler.exe after 0.03 seconds
Refreshing native plugins compatible for Editor in 0.37 ms, found 3 plugins.
Preloading 1 native plugins for Editor in 0.06 ms.
Unloading 1677 Unused Serialized files (Serialized files now loaded: 0)
System memory in use before: 80.5 MB.
System memory in use after: 80.5 MB.

Unloading 13 unused Assets to reduce memory usage. Loaded Objects now: 2128.
Total: 1.995400 ms (FindLiveObjects: 0.216500 ms CreateObjectMapping: 0.073400 ms MarkObjects: 1.633000 ms  DeleteObjects: 0.071800 ms)

========================================================================
Received Import Request.
  path: Assets/Monster/monster.fbx
  artifactKey: Guid(114cb4bcf81314b65b611fcc4f346ee1) Importer(815301076,1909f56bfc062723c751e8b465ee728b)
Start importing Assets/Monster/monster.fbx using Guid(114cb4bcf81314b65b611fcc4f346ee1) Importer(815301076,1909f56bfc062723c751e8b465ee728b)  -> (artifact id: '05675570c149770bd0455525db97c138') in 0.178154 seconds
  Import took 0.181243 seconds .

========================================================================
Received Import Request.
  Time since last request: 0.000151 seconds.
  path: Assets/Monster
  artifactKey: Guid(fe2a0d70f1de5654f870348e67c77d6b) Importer(815301076,1909f56bfc062723c751e8b465ee728b)
Start importing Assets/Monster using Guid(fe2a0d70f1de5654f870348e67c77d6b) Importer(815301076,1909f56bfc062723c751e8b465ee728b)  -> (artifact id: 'd93f603019d86e4c0d376d9141c8ac0b') in 0.005745 seconds
  Import took 0.008396 seconds .

========================================================================
Received Import Request.
  Time since last request: 450.333815 seconds.
  path: Assets/Nokobot/Modern Guns - Handgun/Effects/MuzzleFlash.mat
  artifactKey: Guid(3b9b73bdf59096b4f8ca30c0a5d98a45) Importer(815301076,1909f56bfc062723c751e8b465ee728b)
Start importing Assets/Nokobot/Modern Guns - Handgun/Effects/MuzzleFlash.mat using Guid(3b9b73bdf59096b4f8ca30c0a5d98a45) Importer(815301076,1909f56bfc062723c751e8b465ee728b)  -> (artifact id: '9f925a7d0f731ba5e66eeec7bbc8aa18') in 0.111393 seconds
  Import took 0.114607 seconds .

========================================================================
Received Import Request.
  Time since last request: 0.000179 seconds.
  path: Assets/Nokobot/Modern Guns - Handgun/Effects/MuzzleFlash.prefab
  artifactKey: Guid(3dd9cf2e209c504448f1c4c6835675cf) Importer(815301076,1909f56bfc062723c751e8b465ee728b)
Start importing Assets/Nokobot/Modern Guns - Handgun/Effects/MuzzleFlash.prefab using Guid(3dd9cf2e209c504448f1c4c6835675cf) Importer(815301076,1909f56bfc062723c751e8b465ee728b)  -> (artifact id: 'b328865ab101b9b513952af5fb384dfb') in 0.006891 seconds
  Import took 0.009618 seconds .

========================================================================
Received Import Request.
  Time since last request: 65.701576 seconds.
  path: Assets/Nokobot/Modern Guns - Handgun/_Demo Assets/SimpleShoot.cs
  artifactKey: Guid(6be84e4d7829855419c06b94e56bd135) Importer(815301076,1909f56bfc062723c751e8b465ee728b)
Start importing Assets/Nokobot/Modern Guns - Handgun/_Demo Assets/SimpleShoot.cs using Guid(6be84e4d7829855419c06b94e56bd135) Importer(815301076,1909f56bfc062723c751e8b465ee728b)  -> (artifact id: 'e4293bd62608a8cc9eb4b73be098b930') in 0.007615 seconds
  Import took 0.010976 seconds .

========================================================================
Received Import Request.
  Time since last request: 0.000745 seconds.
  path: Assets/Nokobot/Modern Guns - Handgun/_Demo Assets/SimpleShoot.cs
  artifactKey: Guid(6be84e4d7829855419c06b94e56bd135) Importer(815301076,1909f56bfc062723c751e8b465ee728b)
Start importing Assets/Nokobot/Modern Guns - Handgun/_Demo Assets/SimpleShoot.cs using Guid(6be84e4d7829855419c06b94e56bd135) Importer(815301076,1909f56bfc062723c751e8b465ee728b)  -> (artifact id: 'e4293bd62608a8cc9eb4b73be098b930') in 0.001761 seconds
  Import took 0.004533 seconds .

========================================================================
Received Import Request.
  Time since last request: 50.641871 seconds.
  path: Assets/Nokobot/Modern Guns - Handgun
  artifactKey: Guid(84c4f9f19cac7ba4fbc5c14dfac7284c) Importer(815301076,1909f56bfc062723c751e8b465ee728b)
Start importing Assets/Nokobot/Modern Guns - Handgun using Guid(84c4f9f19cac7ba4fbc5c14dfac7284c) Importer(815301076,1909f56bfc062723c751e8b465ee728b)  -> (artifact id: '3159cb1388830e5f4179d12dce7830ec') in 0.006219 seconds
  Import took 0.009744 seconds .

========================================================================
Received Import Request.
  Time since last request: 1.593988 seconds.
  path: Assets/Nokobot/Modern Guns - Handgun/Asset Collection.unity
  artifactKey: Guid(3e2d436cf8cd5b54a878d325c0de145b) Importer(815301076,1909f56bfc062723c751e8b465ee728b)
Start importing Assets/Nokobot/Modern Guns - Handgun/Asset Collection.unity using Guid(3e2d436cf8cd5b54a878d325c0de145b) Importer(815301076,1909f56bfc062723c751e8b465ee728b)  -> (artifact id: 'd1ff598d7bf6bff6405bb5d9e416572f') in 0.007062 seconds
  Import took 0.009623 seconds .

========================================================================
Received Import Request.
  Time since last request: 103.225935 seconds.
  path: Assets/Nokobot/Modern Guns - Handgun/URP
  artifactKey: Guid(dd4745af94f64394588e796dce472f5d) Importer(815301076,1909f56bfc062723c751e8b465ee728b)
Start importing Assets/Nokobot/Modern Guns - Handgun/URP using Guid(dd4745af94f64394588e796dce472f5d) Importer(815301076,1909f56bfc062723c751e8b465ee728b)  -> (artifact id: 'd5d405b5f2c540c38675716587ee4491') in 0.006488 seconds
  Import took 0.009030 seconds .

========================================================================
Received Import Request.
  Time since last request: 1.682377 seconds.
  path: Assets/Nokobot/Modern Guns - Handgun/URP/ModernGuns_Handgun_v1.2_URP.unitypackage
  artifactKey: Guid(21037762408ec1942ae9b93b6b1413e7) Importer(815301076,1909f56bfc062723c751e8b465ee728b)
Start importing Assets/Nokobot/Modern Guns - Handgun/URP/ModernGuns_Handgun_v1.2_URP.unitypackage using Guid(21037762408ec1942ae9b93b6b1413e7) Importer(815301076,1909f56bfc062723c751e8b465ee728b)  -> (artifact id: 'd965943242b4e9fcd1805c4dcd5f9bb1') in 0.008085 seconds
  Import took 0.011444 seconds .

========================================================================
Received Import Request.
  Time since last request: 4.087811 seconds.
  path: Assets/Nokobot/Modern Guns - Handgun/Textures
  artifactKey: Guid(280f564b2cdc4e7428d4b131f3469877) Importer(815301076,1909f56bfc062723c751e8b465ee728b)
Start importing Assets/Nokobot/Modern Guns - Handgun/Textures using Guid(280f564b2cdc4e7428d4b131f3469877) Importer(815301076,1909f56bfc062723c751e8b465ee728b)  -> (artifact id: '216469e268a05a664f481c1a9ef5d350') in 0.006562 seconds
  Import took 0.009665 seconds .

========================================================================
Received Import Request.
  Time since last request: 0.928790 seconds.
  path: Assets/Nokobot/Modern Guns - Handgun/Meshes
  artifactKey: Guid(74b7e5c6d2f3cb147bd6ebf909cd71c8) Importer(815301076,1909f56bfc062723c751e8b465ee728b)
Start importing Assets/Nokobot/Modern Guns - Handgun/Meshes using Guid(74b7e5c6d2f3cb147bd6ebf909cd71c8) Importer(815301076,1909f56bfc062723c751e8b465ee728b)  -> (artifact id: '6c28be1819a186e14db4b18a9588416b') in 0.007073 seconds
  Import took 0.009686 seconds .

========================================================================
Received Import Request.
  Time since last request: 0.219733 seconds.
  path: Assets/Nokobot/Modern Guns - Handgun/Meshes/45ACP Bullet.fbx
  artifactKey: Guid(1319cfeb42068a446bc5d43ef1562670) Importer(815301076,1909f56bfc062723c751e8b465ee728b)
Start importing Assets/Nokobot/Modern Guns - Handgun/Meshes/45ACP Bullet.fbx using Guid(1319cfeb42068a446bc5d43ef1562670) Importer(815301076,1909f56bfc062723c751e8b465ee728b)  -> (artifact id: 'df21ca9f7413518c2ce2d43f56230050') in 0.023063 seconds
  Import took 0.025836 seconds .

========================================================================
Received Import Request.
  Time since last request: 0.000157 seconds.
  path: Assets/Nokobot/Modern Guns - Handgun/Meshes/M1911 Magazine.fbx
  artifactKey: Guid(40ea87bfb6dc64349a6b3363f1955b6a) Importer(815301076,1909f56bfc062723c751e8b465ee728b)
Start importing Assets/Nokobot/Modern Guns - Handgun/Meshes/M1911 Magazine.fbx using Guid(40ea87bfb6dc64349a6b3363f1955b6a) Importer(815301076,1909f56bfc062723c751e8b465ee728b)  -> (artifact id: 'a4b5c5de4399d5c823554c41a0a85ffd') in 0.017153 seconds
  Import took 0.019952 seconds .

========================================================================
Received Import Request.
  Time since last request: 0.002353 seconds.
  path: Assets/Nokobot/Modern Guns - Handgun/Meshes/M1911 Magazine.fbx
  artifactKey: Guid(40ea87bfb6dc64349a6b3363f1955b6a) Importer(815301076,1909f56bfc062723c751e8b465ee728b)
Start importing Assets/Nokobot/Modern Guns - Handgun/Meshes/M1911 Magazine.fbx using Guid(40ea87bfb6dc64349a6b3363f1955b6a) Importer(815301076,1909f56bfc062723c751e8b465ee728b)  -> (artifact id: 'a4b5c5de4399d5c823554c41a0a85ffd') in 0.015792 seconds
  Import took 0.018768 seconds .

========================================================================
Received Import Request.
  Time since last request: 0.654818 seconds.
  path: Assets/Nokobot/Modern Guns - Handgun/Materials
  artifactKey: Guid(ac2ea0bdb3af14d4ab47b7b50dd0b4b1) Importer(815301076,1909f56bfc062723c751e8b465ee728b)
Start importing Assets/Nokobot/Modern Guns - Handgun/Materials using Guid(ac2ea0bdb3af14d4ab47b7b50dd0b4b1) Importer(815301076,1909f56bfc062723c751e8b465ee728b)  -> (artifact id: '53224fe15513d59652934d34700c058e') in 0.001754 seconds
  Import took 0.004700 seconds .

========================================================================
Received Import Request.
  Time since last request: 0.243627 seconds.
  path: Assets/Nokobot/Modern Guns - Handgun/Materials/M1911 Handgun_Black.mat
  artifactKey: Guid(ef4deb7b6cac3794694ab402e74b3e7e) Importer(815301076,1909f56bfc062723c751e8b465ee728b)
Start importing Assets/Nokobot/Modern Guns - Handgun/Materials/M1911 Handgun_Black.mat using Guid(ef4deb7b6cac3794694ab402e74b3e7e) Importer(815301076,1909f56bfc062723c751e8b465ee728b)  -> (artifact id: 'f144ee31c14f906da3d23aa53f0d8101') in 0.031922 seconds
  Import took 0.034774 seconds .

========================================================================
Received Import Request.
  Time since last request: 0.000149 seconds.
  path: Assets/Nokobot/Modern Guns - Handgun/Materials/M1911 Magazine_Black.mat
  artifactKey: Guid(ad4be7b2be81ece4cbe850cfede8b9de) Importer(815301076,1909f56bfc062723c751e8b465ee728b)
Start importing Assets/Nokobot/Modern Guns - Handgun/Materials/M1911 Magazine_Black.mat using Guid(ad4be7b2be81ece4cbe850cfede8b9de) Importer(815301076,1909f56bfc062723c751e8b465ee728b)  -> (artifact id: 'c4de0ccfba5e65c9e6de0d2404bfacf8') in 0.013864 seconds
  Import took 0.016848 seconds .

========================================================================
Received Import Request.
  Time since last request: 0.000137 seconds.
  path: Assets/Nokobot/Modern Guns - Handgun/Materials/M1911 Magazine_Steel.mat
  artifactKey: Guid(8ca21f01f2c5c9c4aa7e714faf94251e) Importer(815301076,1909f56bfc062723c751e8b465ee728b)
Start importing Assets/Nokobot/Modern Guns - Handgun/Materials/M1911 Magazine_Steel.mat using Guid(8ca21f01f2c5c9c4aa7e714faf94251e) Importer(815301076,1909f56bfc062723c751e8b465ee728b)  -> (artifact id: '5d0deb06ede7265761afab812163bac8') in 0.012492 seconds
  Import took 0.015182 seconds .

========================================================================
Received Import Request.
  Time since last request: 0.000147 seconds.
  path: Assets/Nokobot/Modern Guns - Handgun/Materials/M1911 Handgun_Steel.mat
  artifactKey: Guid(a22ca1073de33674b8cd0036fcb92947) Importer(815301076,1909f56bfc062723c751e8b465ee728b)
Start importing Assets/Nokobot/Modern Guns - Handgun/Materials/M1911 Handgun_Steel.mat using Guid(a22ca1073de33674b8cd0036fcb92947) Importer(815301076,1909f56bfc062723c751e8b465ee728b)  -> (artifact id: 'e04a9d1b8ddd54258c9cc454673b02e0') in 0.017667 seconds
  Import took 0.020502 seconds .

========================================================================
Received Import Request.
  Time since last request: 1.279596 seconds.
  path: Assets/Nokobot/Modern Guns - Handgun/Effects
  artifactKey: Guid(631af6a543f4bdd41bdb3b22798e6956) Importer(815301076,1909f56bfc062723c751e8b465ee728b)
Start importing Assets/Nokobot/Modern Guns - Handgun/Effects using Guid(631af6a543f4bdd41bdb3b22798e6956) Importer(815301076,1909f56bfc062723c751e8b465ee728b)  -> (artifact id: '1a4bf3329d477ada5fe78a3aac4f8cb2') in 0.005812 seconds
  Import took 0.008553 seconds .

========================================================================
Received Import Request.
  Time since last request: 0.303885 seconds.
  path: Assets/Nokobot/Modern Guns - Handgun/Animations
  artifactKey: Guid(22c1561bdf2c6ca41a7ef3927b3a69f6) Importer(815301076,1909f56bfc062723c751e8b465ee728b)
Start importing Assets/Nokobot/Modern Guns - Handgun/Animations using Guid(22c1561bdf2c6ca41a7ef3927b3a69f6) Importer(815301076,1909f56bfc062723c751e8b465ee728b)  -> (artifact id: '4baff66b3296a0fe726c03cb05a20eda') in 0.004994 seconds
  Import took 0.007687 seconds .

========================================================================
Received Import Request.
  Time since last request: 0.516087 seconds.
  path: Assets/Nokobot/Modern Guns - Handgun/_Prefabs
  artifactKey: Guid(2987812710f5d82498876f0a50b38192) Importer(815301076,1909f56bfc062723c751e8b465ee728b)
Start importing Assets/Nokobot/Modern Guns - Handgun/_Prefabs using Guid(2987812710f5d82498876f0a50b38192) Importer(815301076,1909f56bfc062723c751e8b465ee728b)  -> (artifact id: 'c10d89e68d1ba24491a866a442bc008b') in 0.005658 seconds
  Import took 0.008219 seconds .

========================================================================
Received Import Request.
  Time since last request: 0.275647 seconds.
  path: Assets/Nokobot/Modern Guns - Handgun/_Demo Assets
  artifactKey: Guid(f02bd5845de96884b8897a53e6dd8463) Importer(815301076,1909f56bfc062723c751e8b465ee728b)
Start importing Assets/Nokobot/Modern Guns - Handgun/_Demo Assets using Guid(f02bd5845de96884b8897a53e6dd8463) Importer(815301076,1909f56bfc062723c751e8b465ee728b)  -> (artifact id: '907d32806e41dbbc1e400a67fc136808') in 0.005237 seconds
  Import took 0.008233 seconds .

========================================================================
Received Import Request.
  Time since last request: 0.525017 seconds.
  path: Assets/Nokobot/Modern Guns - Handgun/_Prefabs/45ACP Bullet_Head.prefab
  artifactKey: Guid(65c9f6563c561ee4e8905d1e6a32548b) Importer(815301076,1909f56bfc062723c751e8b465ee728b)
Start importing Assets/Nokobot/Modern Guns - Handgun/_Prefabs/45ACP Bullet_Head.prefab using Guid(65c9f6563c561ee4e8905d1e6a32548b) Importer(815301076,1909f56bfc062723c751e8b465ee728b)  -> (artifact id: 'b3422c74b43e89bfefeacd04c91f62d9') in 0.010336 seconds
  Import took 0.014155 seconds .

========================================================================
Received Import Request.
  Time since last request: 0.825910 seconds.
  path: Assets/Nokobot/Modern Guns - Handgun/_Demo Assets/Post Process Volume.asset
  artifactKey: Guid(11c5769b733014f458c6c86a10e5613f) Importer(815301076,1909f56bfc062723c751e8b465ee728b)
Start importing Assets/Nokobot/Modern Guns - Handgun/_Demo Assets/Post Process Volume.asset using Guid(11c5769b733014f458c6c86a10e5613f) Importer(815301076,1909f56bfc062723c751e8b465ee728b)  -> (artifact id: '348adfdbaa53738d6df4b8bf2edbe0c2') in 0.006511 seconds
  Import took 0.009723 seconds .

========================================================================
Received Import Request.
  Time since last request: 1.521298 seconds.
  path: Assets/Nokobot/Modern Guns - Handgun/_Prefabs/Base Prefabs
  artifactKey: Guid(85ffdbf9c56062e4e8c1a4740fb5adee) Importer(815301076,1909f56bfc062723c751e8b465ee728b)
Start importing Assets/Nokobot/Modern Guns - Handgun/_Prefabs/Base Prefabs using Guid(85ffdbf9c56062e4e8c1a4740fb5adee) Importer(815301076,1909f56bfc062723c751e8b465ee728b)  -> (artifact id: 'dcc9eca206d03615517ba18397c3c95e') in 0.004940 seconds
  Import took 0.007526 seconds .

========================================================================
Received Import Request.
  Time since last request: 0.335322 seconds.
  path: Assets/Nokobot/Modern Guns - Handgun/_Prefabs/Handgun Black
  artifactKey: Guid(3c06fb9777b9bf742984737b207f4792) Importer(815301076,1909f56bfc062723c751e8b465ee728b)
Start importing Assets/Nokobot/Modern Guns - Handgun/_Prefabs/Handgun Black using Guid(3c06fb9777b9bf742984737b207f4792) Importer(815301076,1909f56bfc062723c751e8b465ee728b)  -> (artifact id: '945bfa2f720f76b3a048ec80c9d14f43') in 0.005536 seconds
  Import took 0.008672 seconds .

========================================================================
Received Import Request.
  Time since last request: 0.223837 seconds.
  path: Assets/Nokobot/Modern Guns - Handgun/_Prefabs/Handgun Silver
  artifactKey: Guid(4692567bb400b7b43bfd7e4ec6129550) Importer(815301076,1909f56bfc062723c751e8b465ee728b)
Start importing Assets/Nokobot/Modern Guns - Handgun/_Prefabs/Handgun Silver using Guid(4692567bb400b7b43bfd7e4ec6129550) Importer(815301076,1909f56bfc062723c751e8b465ee728b)  -> (artifact id: 'f0272d7bb9bf75584c99d2427ec27b48') in 0.006003 seconds
  Import took 0.008713 seconds .

========================================================================
Received Import Request.
  Time since last request: 1.350457 seconds.
  path: Assets/Nokobot/Modern Guns - Handgun/_Prefabs/Handgun Silver/M1911 Handgun_Silver (Shooting).prefab
  artifactKey: Guid(37e98970f8baf7647b735d9036006f0d) Importer(815301076,1909f56bfc062723c751e8b465ee728b)
Start importing Assets/Nokobot/Modern Guns - Handgun/_Prefabs/Handgun Silver/M1911 Handgun_Silver (Shooting).prefab using Guid(37e98970f8baf7647b735d9036006f0d) Importer(815301076,1909f56bfc062723c751e8b465ee728b)  -> (artifact id: 'eb3e3681cd60645bd38b4006d8868066') in 0.024354 seconds
  Import took 0.027888 seconds .

========================================================================
Received Import Request.
  Time since last request: 0.000153 seconds.
  path: Assets/Nokobot/Modern Guns - Handgun/_Prefabs/Handgun Silver/M1911 Magazine_Silver.prefab
  artifactKey: Guid(b5c250cf857e87546bfae19a751f3c92) Importer(815301076,1909f56bfc062723c751e8b465ee728b)
Start importing Assets/Nokobot/Modern Guns - Handgun/_Prefabs/Handgun Silver/M1911 Magazine_Silver.prefab using Guid(b5c250cf857e87546bfae19a751f3c92) Importer(815301076,1909f56bfc062723c751e8b465ee728b)  -> (artifact id: '325c534989aaae62a89f0f1eb2fb6634') in 0.012432 seconds
  Import took 0.015255 seconds .

========================================================================
Received Import Request.
  Time since last request: 0.000166 seconds.
  path: Assets/Nokobot/Modern Guns - Handgun/_Prefabs/Handgun Silver/M1911 Handgun_Silver.prefab
  artifactKey: Guid(5c59210965ffbcc4093fe99a29edb777) Importer(815301076,1909f56bfc062723c751e8b465ee728b)
Start importing Assets/Nokobot/Modern Guns - Handgun/_Prefabs/Handgun Silver/M1911 Handgun_Silver.prefab using Guid(5c59210965ffbcc4093fe99a29edb777) Importer(815301076,1909f56bfc062723c751e8b465ee728b)  -> (artifact id: 'e382d71c461ee66fb838403fedec2973') in 0.022007 seconds
  Import took 0.025819 seconds .

========================================================================
Received Import Request.
  Time since last request: 0.000150 seconds.
  path: Assets/Nokobot/Modern Guns - Handgun/_Prefabs/Handgun Silver/M1911 Magazine_Silver_Full.prefab
  artifactKey: Guid(383b1a391f98da5478a7dddc283414a8) Importer(815301076,1909f56bfc062723c751e8b465ee728b)
Start importing Assets/Nokobot/Modern Guns - Handgun/_Prefabs/Handgun Silver/M1911 Magazine_Silver_Full.prefab using Guid(383b1a391f98da5478a7dddc283414a8) Importer(815301076,1909f56bfc062723c751e8b465ee728b)  -> (artifact id: '93001b206d9df3885aac42a8ad7e9ca6') in 0.013736 seconds
  Import took 0.016971 seconds .

========================================================================
Received Import Request.
  Time since last request: 0.978930 seconds.
  path: Assets/Nokobot/Modern Guns - Handgun/_Prefabs/Handgun Black/M1911 Handgun_Black (Shooting).prefab
  artifactKey: Guid(7e7f2840eb6a6294fb9d04582dbf8079) Importer(815301076,1909f56bfc062723c751e8b465ee728b)
Start importing Assets/Nokobot/Modern Guns - Handgun/_Prefabs/Handgun Black/M1911 Handgun_Black (Shooting).prefab using Guid(7e7f2840eb6a6294fb9d04582dbf8079) Importer(815301076,1909f56bfc062723c751e8b465ee728b)  -> (artifact id: '5f3a2bc6c56a99480399f4d67164e5f1') in 0.021171 seconds
  Import took 0.024555 seconds .

========================================================================
Received Import Request.
  Time since last request: 0.000170 seconds.
  path: Assets/Nokobot/Modern Guns - Handgun/_Prefabs/Handgun Black/M1911 Magazine_Black.prefab
  artifactKey: Guid(1630d9b67160caa44aad0385aa9bf476) Importer(815301076,1909f56bfc062723c751e8b465ee728b)
Start importing Assets/Nokobot/Modern Guns - Handgun/_Prefabs/Handgun Black/M1911 Magazine_Black.prefab using Guid(1630d9b67160caa44aad0385aa9bf476) Importer(815301076,1909f56bfc062723c751e8b465ee728b)  -> (artifact id: '315456cf53f39a6988adafd6ea0fb253') in 0.012854 seconds
  Import took 0.015841 seconds .

========================================================================
Received Import Request.
  Time since last request: 0.000178 seconds.
  path: Assets/Nokobot/Modern Guns - Handgun/_Prefabs/Handgun Black/M1911 Handgun_Black.prefab
  artifactKey: Guid(87e308cb23eea97419b3c2623d8bb3fa) Importer(815301076,1909f56bfc062723c751e8b465ee728b)
Start importing Assets/Nokobot/Modern Guns - Handgun/_Prefabs/Handgun Black/M1911 Handgun_Black.prefab using Guid(87e308cb23eea97419b3c2623d8bb3fa) Importer(815301076,1909f56bfc062723c751e8b465ee728b)  -> (artifact id: '06cae886a35c5ee76311a359812f0fce') in 0.020256 seconds
  Import took 0.022940 seconds .

========================================================================
Received Import Request.
  Time since last request: 0.000151 seconds.
  path: Assets/Nokobot/Modern Guns - Handgun/_Prefabs/Handgun Black/M1911 Magazine_Black_Full.prefab
  artifactKey: Guid(3891d67bd4812e34db02888d6b7ae428) Importer(815301076,1909f56bfc062723c751e8b465ee728b)
Start importing Assets/Nokobot/Modern Guns - Handgun/_Prefabs/Handgun Black/M1911 Magazine_Black_Full.prefab using Guid(3891d67bd4812e34db02888d6b7ae428) Importer(815301076,1909f56bfc062723c751e8b465ee728b)  -> (artifact id: '478ced2ca9e8b165701e2ba35626223f') in 0.013565 seconds
  Import took 0.016664 seconds .

========================================================================
Received Import Request.
  Time since last request: 0.003964 seconds.
  path: Assets/Nokobot/Modern Guns - Handgun/_Prefabs/Handgun Black/M1911 Magazine_Black_Full.prefab
  artifactKey: Guid(3891d67bd4812e34db02888d6b7ae428) Importer(815301076,1909f56bfc062723c751e8b465ee728b)
Start importing Assets/Nokobot/Modern Guns - Handgun/_Prefabs/Handgun Black/M1911 Magazine_Black_Full.prefab using Guid(3891d67bd4812e34db02888d6b7ae428) Importer(815301076,1909f56bfc062723c751e8b465ee728b)  -> (artifact id: '478ced2ca9e8b165701e2ba35626223f') in 0.010546 seconds
  Import took 0.013521 seconds .

========================================================================
Received Import Request.
  Time since last request: 1.063752 seconds.
  path: Assets/Nokobot/Modern Guns - Handgun/_Prefabs/Base Prefabs/Bullet_Casing.prefab
  artifactKey: Guid(a737d62f4ff0b854a9d767507f039686) Importer(815301076,1909f56bfc062723c751e8b465ee728b)
Start importing Assets/Nokobot/Modern Guns - Handgun/_Prefabs/Base Prefabs/Bullet_Casing.prefab using Guid(a737d62f4ff0b854a9d767507f039686) Importer(815301076,1909f56bfc062723c751e8b465ee728b)  -> (artifact id: 'fffc735d716b39aed2c684ff24e26556') in 0.005887 seconds
  Import took 0.008803 seconds .

========================================================================
Received Import Request.
  Time since last request: 0.000173 seconds.
  path: Assets/Nokobot/Modern Guns - Handgun/_Prefabs/Base Prefabs/Bullet_Head.prefab
  artifactKey: Guid(9e0ef2cf9cfc11c46bbe7f28b272f6fb) Importer(815301076,1909f56bfc062723c751e8b465ee728b)
Start importing Assets/Nokobot/Modern Guns - Handgun/_Prefabs/Base Prefabs/Bullet_Head.prefab using Guid(9e0ef2cf9cfc11c46bbe7f28b272f6fb) Importer(815301076,1909f56bfc062723c751e8b465ee728b)  -> (artifact id: '45998edd7376c92bf5b801973f8cd286') in 0.006162 seconds
  Import took 0.008923 seconds .

========================================================================
Received Import Request.
  Time since last request: 0.000181 seconds.
  path: Assets/Nokobot/Modern Guns - Handgun/_Prefabs/Base Prefabs/M1911 Magazine Base.prefab
  artifactKey: Guid(71d42f13891e48c4487496fd15802eda) Importer(815301076,1909f56bfc062723c751e8b465ee728b)
Start importing Assets/Nokobot/Modern Guns - Handgun/_Prefabs/Base Prefabs/M1911 Magazine Base.prefab using Guid(71d42f13891e48c4487496fd15802eda) Importer(815301076,1909f56bfc062723c751e8b465ee728b)  -> (artifact id: 'ef2da9b1f2c253d9e11ba4a73c4babfb') in 0.097224 seconds
  Import took 0.100308 seconds .

========================================================================
Received Import Request.
  Time since last request: 0.000160 seconds.
  path: Assets/Nokobot/Modern Guns - Handgun/_Prefabs/Base Prefabs/M1911 Handgun Base.prefab
  artifactKey: Guid(a78a725941312494b930d664f3b315d0) Importer(815301076,1909f56bfc062723c751e8b465ee728b)
Start importing Assets/Nokobot/Modern Guns - Handgun/_Prefabs/Base Prefabs/M1911 Handgun Base.prefab using Guid(a78a725941312494b930d664f3b315d0) Importer(815301076,1909f56bfc062723c751e8b465ee728b)  -> (artifact id: '2ad883f2726a030beaf9e3b0c73385fe') in 0.011319 seconds
  Import took 0.014318 seconds .

========================================================================
Received Import Request.
  Time since last request: 10.927145 seconds.
  path: Assets/audio
  artifactKey: Guid(0e44f7b2d7b30674ba621c8db9006a0c) Importer(815301076,1909f56bfc062723c751e8b465ee728b)
Start importing Assets/audio using Guid(0e44f7b2d7b30674ba621c8db9006a0c) Importer(815301076,1909f56bfc062723c751e8b465ee728b)  -> (artifact id: 'edfaa1c37124c879927da58b3490fb13') in 0.002090 seconds
  Import took 0.005353 seconds .

========================================================================
Received Import Request.
  Time since last request: 13.329383 seconds.
  path: Assets/Scenes/Demo 1.unity
  artifactKey: Guid(e1b793c40df980747b159fd6e9176269) Importer(815301076,1909f56bfc062723c751e8b465ee728b)
Start importing Assets/Scenes/Demo 1.unity using Guid(e1b793c40df980747b159fd6e9176269) Importer(815301076,1909f56bfc062723c751e8b465ee728b)  -> (artifact id: 'd7a86956bce136e3f5b3b4864f0842e7') in 0.006549 seconds
  Import took 0.009160 seconds .

AssetImportWorkerClient::OnTransportError - code=2 error=End of file
