Using pre-set license
Built from '2020.3/staging' branch; Version is '2020.3.4f1 (0abb6314276a) revision 703331'; Using compiler version '192528614'; Build Type 'Release'
OS: 'Windows 10 Pro; OS build 18363.1500; Version 1909; 64bit' Language: 'ko' Physical Memory: 16315 MB
BatchMode: 1, IsHumanControllingUs: 0, StartBugReporterOnCrash: 0, Is64bit: 1, IsPro: 0

 COMMAND LINE ARGUMENTS:
C:\Program Files\Unity\Hub\Editor\2020.3.4f1\Editor\Unity.exe
-adb2
-batchMode
-noUpm
-name
AssetImportWorker0
-projectPath
C:/Users/DMC CONET/source/repos/Unity/Zombie-VR
-logFile
Logs/AssetImportWorker0.log
-srvPort
50108
Successfully changed project path to: C:/Users/DMC CONET/source/repos/Unity/Zombie-VR
C:/Users/DMC CONET/source/repos/Unity/Zombie-VR
Using Asset Import Pipeline V2.
Refreshing native plugins compatible for Editor in 253.97 ms, found 3 plugins.
Preloading 1 native plugins for Editor in 0.66 ms.
Initialize engine version: 2020.3.4f1 (0abb6314276a)
[Subsystems] Discovering subsystems at path C:/Program Files/Unity/Hub/Editor/2020.3.4f1/Editor/Data/Resources/UnitySubsystems
[Subsystems] Discovering subsystems at path C:/Users/DMC CONET/source/repos/Unity/Zombie-VR/Assets
GfxDevice: creating device client; threaded=0
Direct3D:
    Version:  Direct3D 11.0 [level 11.1]
    Renderer: NVIDIA GeForce GTX 1660 SUPER (ID=0x21c4)
    Vendor:   
    VRAM:     5991 MB
    Driver:   27.21.14.5751
Initialize mono
Mono path[0] = 'C:/Program Files/Unity/Hub/Editor/2020.3.4f1/Editor/Data/Managed'
Mono path[1] = 'C:/Program Files/Unity/Hub/Editor/2020.3.4f1/Editor/Data/MonoBleedingEdge/lib/mono/unityjit'
Mono config path = 'C:/Program Files/Unity/Hub/Editor/2020.3.4f1/Editor/Data/MonoBleedingEdge/etc'
Using monoOptions --debugger-agent=transport=dt_socket,embedding=1,server=y,suspend=n,address=127.0.0.1:56292
Begin MonoManager ReloadAssembly
Registering precompiled unity dll's ...
Register platform support module: C:/Program Files/Unity/Hub/Editor/2020.3.4f1/Editor/Data/PlaybackEngines/WindowsStandaloneSupport/UnityEditor.WindowsStandalone.Extensions.dll
Registered in 0.000978 seconds.
Native extension for WindowsStandalone target not found
Refreshing native plugins compatible for Editor in 31.60 ms, found 3 plugins.
Preloading 1 native plugins for Editor in 0.07 ms.
Mono: successfully reloaded assembly
- Completed reload, in  1.240 seconds
Platform modules already initialized, skipping
Registering precompiled user dll's ...
Registered in 0.001190 seconds.
Begin MonoManager ReloadAssembly
Native extension for WindowsStandalone target not found
Refreshing native plugins compatible for Editor in 30.88 ms, found 3 plugins.
Preloading 1 native plugins for Editor in 0.06 ms.
[XR] OculusXRPlugin: registering subsystems
[XR] Unable to register display lifecyle provider: [1]
[XR] Oculus Input lifecycle provider registered.
[XR] Unable to register input lifecyle provider: [1]
NullReferenceException: Object reference not set to an instance of an object
  at Unity.XR.Oculus.OculusLoader.AssetPathToAbsolutePath (System.String assetPath) [0x00048] in C:\Users\DMC CONET\source\repos\Unity\Zombie-VR\Library\PackageCache\com.unity.xr.oculus@1.9.0\Runtime\OculusLoader.cs:249 
  at Unity.XR.Oculus.OculusLoader.EditorLoadOVRPlugin () [0x0007b] in C:\Users\DMC CONET\source\repos\Unity\Zombie-VR\Library\PackageCache\com.unity.xr.oculus@1.9.0\Runtime\OculusLoader.cs:234 

(Filename: Library/PackageCache/com.unity.xr.oculus@1.9.0/Runtime/OculusLoader.cs Line: 249)

Mono: successfully reloaded assembly
- Completed reload, in  0.810 seconds
Platform modules already initialized, skipping
========================================================================
Worker process is ready to serve import requests
Launched and connected shader compiler UnityShaderCompiler.exe after 0.03 seconds
Refreshing native plugins compatible for Editor in 0.38 ms, found 3 plugins.
Preloading 1 native plugins for Editor in 0.07 ms.
Unloading 1676 Unused Serialized files (Serialized files now loaded: 0)
System memory in use before: 80.4 MB.
System memory in use after: 80.5 MB.

Unloading 13 unused Assets to reduce memory usage. Loaded Objects now: 2127.
Total: 1.859300 ms (FindLiveObjects: 0.181800 ms CreateObjectMapping: 0.059200 ms MarkObjects: 1.545900 ms  DeleteObjects: 0.071200 ms)

========================================================================
Received Import Request.
  path: Assets/Nokobot/Modern Guns - Handgun/_Prefabs/45ACP Bullet.prefab
  artifactKey: Guid(674adf642abf5614aae2995443c8250f) Importer(815301076,1909f56bfc062723c751e8b465ee728b)
Start importing Assets/Nokobot/Modern Guns - Handgun/_Prefabs/45ACP Bullet.prefab using Guid(674adf642abf5614aae2995443c8250f) Importer(815301076,1909f56bfc062723c751e8b465ee728b)  -> (artifact id: 'aa172c16aae7441b90419e55e70e9b93') in 0.105394 seconds
  Import took 0.108131 seconds .

========================================================================
Received Prepare
Registering precompiled user dll's ...
Registered in 0.001261 seconds.
Begin MonoManager ReloadAssembly
Native extension for WindowsStandalone target not found
Refreshing native plugins compatible for Editor in 0.38 ms, found 3 plugins.
Preloading 1 native plugins for Editor in 0.07 ms.
NullReferenceException: Object reference not set to an instance of an object
  at Unity.XR.Oculus.OculusLoader.AssetPathToAbsolutePath (System.String assetPath) [0x00048] in C:\Users\DMC CONET\source\repos\Unity\Zombie-VR\Library\PackageCache\com.unity.xr.oculus@1.9.0\Runtime\OculusLoader.cs:249 
  at Unity.XR.Oculus.OculusLoader.EditorLoadOVRPlugin () [0x0007b] in C:\Users\DMC CONET\source\repos\Unity\Zombie-VR\Library\PackageCache\com.unity.xr.oculus@1.9.0\Runtime\OculusLoader.cs:234 

(Filename: Library/PackageCache/com.unity.xr.oculus@1.9.0/Runtime/OculusLoader.cs Line: 249)

Mono: successfully reloaded assembly
- Completed reload, in  0.725 seconds
Platform modules already initialized, skipping
Refreshing native plugins compatible for Editor in 0.38 ms, found 3 plugins.
Preloading 1 native plugins for Editor in 0.06 ms.
Unloading 1659 Unused Serialized files (Serialized files now loaded: 0)
System memory in use before: 83.3 MB.
System memory in use after: 83.3 MB.

Unloading 6 unused Assets to reduce memory usage. Loaded Objects now: 2138.
Total: 1.765700 ms (FindLiveObjects: 0.200500 ms CreateObjectMapping: 0.066200 ms MarkObjects: 1.461400 ms  DeleteObjects: 0.036800 ms)

========================================================================
Received Import Request.
  Time since last request: 3.007761 seconds.
  path: Assets/Nokobot/Modern Guns - Handgun/_Prefabs/45ACP Bullet_Head.prefab
  artifactKey: Guid(65c9f6563c561ee4e8905d1e6a32548b) Importer(815301076,1909f56bfc062723c751e8b465ee728b)
Start importing Assets/Nokobot/Modern Guns - Handgun/_Prefabs/45ACP Bullet_Head.prefab using Guid(65c9f6563c561ee4e8905d1e6a32548b) Importer(815301076,1909f56bfc062723c751e8b465ee728b)  -> (artifact id: '895ea30dacfac4a9eeb6ac1000b519de') in 0.051540 seconds
  Import took 0.054127 seconds .

========================================================================
Received Prepare
Registering precompiled user dll's ...
Registered in 0.001187 seconds.
Begin MonoManager ReloadAssembly
Native extension for WindowsStandalone target not found
Refreshing native plugins compatible for Editor in 0.39 ms, found 3 plugins.
Preloading 1 native plugins for Editor in 0.07 ms.
NullReferenceException: Object reference not set to an instance of an object
  at Unity.XR.Oculus.OculusLoader.AssetPathToAbsolutePath (System.String assetPath) [0x00048] in C:\Users\DMC CONET\source\repos\Unity\Zombie-VR\Library\PackageCache\com.unity.xr.oculus@1.9.0\Runtime\OculusLoader.cs:249 
  at Unity.XR.Oculus.OculusLoader.EditorLoadOVRPlugin () [0x0007b] in C:\Users\DMC CONET\source\repos\Unity\Zombie-VR\Library\PackageCache\com.unity.xr.oculus@1.9.0\Runtime\OculusLoader.cs:234 

(Filename: Library/PackageCache/com.unity.xr.oculus@1.9.0/Runtime/OculusLoader.cs Line: 249)

Mono: successfully reloaded assembly
- Completed reload, in  0.709 seconds
Platform modules already initialized, skipping
Refreshing native plugins compatible for Editor in 0.38 ms, found 3 plugins.
Preloading 1 native plugins for Editor in 0.06 ms.
Unloading 1659 Unused Serialized files (Serialized files now loaded: 0)
System memory in use before: 83.3 MB.
System memory in use after: 83.4 MB.

Unloading 6 unused Assets to reduce memory usage. Loaded Objects now: 2143.
Total: 1.613400 ms (FindLiveObjects: 0.159700 ms CreateObjectMapping: 0.047900 ms MarkObjects: 1.369500 ms  DeleteObjects: 0.035600 ms)

========================================================================
Received Import Request.
  Time since last request: 82.100306 seconds.
  path: Assets/Nokobot/Modern Guns - Handgun/_Prefabs/45ACP Bullet.prefab
  artifactKey: Guid(674adf642abf5614aae2995443c8250f) Importer(815301076,1909f56bfc062723c751e8b465ee728b)
Start importing Assets/Nokobot/Modern Guns - Handgun/_Prefabs/45ACP Bullet.prefab using Guid(674adf642abf5614aae2995443c8250f) Importer(815301076,1909f56bfc062723c751e8b465ee728b)  -> (artifact id: '60426591b275bbca4d417045489375f2') in 0.047386 seconds
  Import took 0.050384 seconds .

========================================================================
Received Import Request.
  Time since last request: 0.000170 seconds.
  path: Assets/Nokobot/Modern Guns - Handgun/_Prefabs/45ACP Bullet_Head.prefab
  artifactKey: Guid(65c9f6563c561ee4e8905d1e6a32548b) Importer(815301076,1909f56bfc062723c751e8b465ee728b)
Start importing Assets/Nokobot/Modern Guns - Handgun/_Prefabs/45ACP Bullet_Head.prefab using Guid(65c9f6563c561ee4e8905d1e6a32548b) Importer(815301076,1909f56bfc062723c751e8b465ee728b)  -> (artifact id: '24dced0de525e44b1e43d18dca7ca0bc') in 0.011983 seconds
  Import took 0.014778 seconds .

========================================================================
Received Import Request.
  Time since last request: 13.633336 seconds.
  path: Assets/Prefabs/Zombie/Zombie1.prefab
  artifactKey: Guid(6dc4cf4496348884d8ee27743ae38562) Importer(815301076,1909f56bfc062723c751e8b465ee728b)
Start importing Assets/Prefabs/Zombie/Zombie1.prefab using Guid(6dc4cf4496348884d8ee27743ae38562) Importer(815301076,1909f56bfc062723c751e8b465ee728b)  -> (artifact id: '79aceec48460b8ae0e8f2ca0fc5bed1a') in 0.185648 seconds
  Import took 0.189251 seconds .

========================================================================
Received Import Request.
  Time since last request: 15.013823 seconds.
  path: Assets/Prefabs/Zombie/Zombie1.prefab
  artifactKey: Guid(6dc4cf4496348884d8ee27743ae38562) Importer(815301076,1909f56bfc062723c751e8b465ee728b)
Start importing Assets/Prefabs/Zombie/Zombie1.prefab using Guid(6dc4cf4496348884d8ee27743ae38562) Importer(815301076,1909f56bfc062723c751e8b465ee728b)  -> (artifact id: '4477e88bbeeebc0c909afb3082ec3bbd') in 0.059019 seconds
  Import took 0.062522 seconds .

========================================================================
Received Import Request.
  Time since last request: 19.486477 seconds.
  path: Assets/Prefabs/Zombie/Zombie1.prefab
  artifactKey: Guid(6dc4cf4496348884d8ee27743ae38562) Importer(815301076,1909f56bfc062723c751e8b465ee728b)
Start importing Assets/Prefabs/Zombie/Zombie1.prefab using Guid(6dc4cf4496348884d8ee27743ae38562) Importer(815301076,1909f56bfc062723c751e8b465ee728b)  -> (artifact id: '259de614c7e54c550e39c9fcb82bd8b4') in 0.058934 seconds
  Import took 0.062585 seconds .

========================================================================
Received Prepare
Registering precompiled user dll's ...
Registered in 0.001198 seconds.
Begin MonoManager ReloadAssembly
Native extension for WindowsStandalone target not found
Refreshing native plugins compatible for Editor in 0.37 ms, found 3 plugins.
Preloading 1 native plugins for Editor in 0.07 ms.
NullReferenceException: Object reference not set to an instance of an object
  at Unity.XR.Oculus.OculusLoader.AssetPathToAbsolutePath (System.String assetPath) [0x00048] in C:\Users\DMC CONET\source\repos\Unity\Zombie-VR\Library\PackageCache\com.unity.xr.oculus@1.9.0\Runtime\OculusLoader.cs:249 
  at Unity.XR.Oculus.OculusLoader.EditorLoadOVRPlugin () [0x0007b] in C:\Users\DMC CONET\source\repos\Unity\Zombie-VR\Library\PackageCache\com.unity.xr.oculus@1.9.0\Runtime\OculusLoader.cs:234 

(Filename: Library/PackageCache/com.unity.xr.oculus@1.9.0/Runtime/OculusLoader.cs Line: 249)

Mono: successfully reloaded assembly
- Completed reload, in  0.719 seconds
Platform modules already initialized, skipping
Refreshing native plugins compatible for Editor in 0.39 ms, found 3 plugins.
Preloading 1 native plugins for Editor in 0.06 ms.
Unloading 1659 Unused Serialized files (Serialized files now loaded: 0)
System memory in use before: 97.0 MB.
System memory in use after: 97.0 MB.

Unloading 6 unused Assets to reduce memory usage. Loaded Objects now: 2149.
Total: 1.646400 ms (FindLiveObjects: 0.163800 ms CreateObjectMapping: 0.049000 ms MarkObjects: 1.393400 ms  DeleteObjects: 0.039500 ms)

========================================================================
Received Import Request.
  Time since last request: 659.593496 seconds.
  path: Assets/Scripts/Part.cs
  artifactKey: Guid(601910ab5c5afb14bb35d80b46708838) Importer(815301076,1909f56bfc062723c751e8b465ee728b)
Start importing Assets/Scripts/Part.cs using Guid(601910ab5c5afb14bb35d80b46708838) Importer(815301076,1909f56bfc062723c751e8b465ee728b)  -> (artifact id: 'a4b892523907e86b94fcf32973451f75') in 0.009635 seconds
  Import took 0.012648 seconds .

========================================================================
Received Import Request.
  Time since last request: 0.003324 seconds.
  path: Assets/Scripts/Part.cs
  artifactKey: Guid(601910ab5c5afb14bb35d80b46708838) Importer(815301076,1909f56bfc062723c751e8b465ee728b)
Start importing Assets/Scripts/Part.cs using Guid(601910ab5c5afb14bb35d80b46708838) Importer(815301076,1909f56bfc062723c751e8b465ee728b)  -> (artifact id: 'a4b892523907e86b94fcf32973451f75') in 0.002024 seconds
  Import took 0.004635 seconds .

========================================================================
Received Prepare
Registering precompiled user dll's ...
Registered in 0.001156 seconds.
Begin MonoManager ReloadAssembly
Native extension for WindowsStandalone target not found
Refreshing native plugins compatible for Editor in 0.38 ms, found 3 plugins.
Preloading 1 native plugins for Editor in 0.06 ms.
NullReferenceException: Object reference not set to an instance of an object
  at Unity.XR.Oculus.OculusLoader.AssetPathToAbsolutePath (System.String assetPath) [0x00048] in C:\Users\DMC CONET\source\repos\Unity\Zombie-VR\Library\PackageCache\com.unity.xr.oculus@1.9.0\Runtime\OculusLoader.cs:249 
  at Unity.XR.Oculus.OculusLoader.EditorLoadOVRPlugin () [0x0007b] in C:\Users\DMC CONET\source\repos\Unity\Zombie-VR\Library\PackageCache\com.unity.xr.oculus@1.9.0\Runtime\OculusLoader.cs:234 

(Filename: Library/PackageCache/com.unity.xr.oculus@1.9.0/Runtime/OculusLoader.cs Line: 249)

Mono: successfully reloaded assembly
- Completed reload, in  0.733 seconds
Platform modules already initialized, skipping
Refreshing native plugins compatible for Editor in 0.39 ms, found 3 plugins.
Preloading 1 native plugins for Editor in 0.06 ms.
Unloading 1660 Unused Serialized files (Serialized files now loaded: 0)
System memory in use before: 97.0 MB.
System memory in use after: 97.1 MB.

Unloading 6 unused Assets to reduce memory usage. Loaded Objects now: 2154.
Total: 1.934900 ms (FindLiveObjects: 0.249200 ms CreateObjectMapping: 0.063100 ms MarkObjects: 1.582700 ms  DeleteObjects: 0.039000 ms)

========================================================================
Received Import Request.
  Time since last request: 175.580325 seconds.
  path: Assets/Scripts/Part.cs
  artifactKey: Guid(601910ab5c5afb14bb35d80b46708838) Importer(815301076,1909f56bfc062723c751e8b465ee728b)
Start importing Assets/Scripts/Part.cs using Guid(601910ab5c5afb14bb35d80b46708838) Importer(815301076,1909f56bfc062723c751e8b465ee728b)  -> (artifact id: '8cc5c9c222a185733f99d8113a6e08eb') in 0.004228 seconds
  Import took 0.006967 seconds .

========================================================================
Received Import Request.
  Time since last request: 0.000337 seconds.
  path: Assets/Scripts/Part.cs
  artifactKey: Guid(601910ab5c5afb14bb35d80b46708838) Importer(815301076,1909f56bfc062723c751e8b465ee728b)
Start importing Assets/Scripts/Part.cs using Guid(601910ab5c5afb14bb35d80b46708838) Importer(815301076,1909f56bfc062723c751e8b465ee728b)  -> (artifact id: '8cc5c9c222a185733f99d8113a6e08eb') in 0.002073 seconds
  Import took 0.004467 seconds .

========================================================================
Received Import Request.
  Time since last request: 510.786931 seconds.
  path: Assets/Scripts/Part.cs
  artifactKey: Guid(601910ab5c5afb14bb35d80b46708838) Importer(815301076,1909f56bfc062723c751e8b465ee728b)
Start importing Assets/Scripts/Part.cs using Guid(601910ab5c5afb14bb35d80b46708838) Importer(815301076,1909f56bfc062723c751e8b465ee728b)  -> (artifact id: '6e810d72525155478ec4c0178ac74827') in 0.001585 seconds
  Import took 0.004611 seconds .

========================================================================
Received Prepare
Registering precompiled user dll's ...
Registered in 0.001237 seconds.
Begin MonoManager ReloadAssembly
Native extension for WindowsStandalone target not found
Refreshing native plugins compatible for Editor in 0.41 ms, found 3 plugins.
Preloading 1 native plugins for Editor in 0.07 ms.
NullReferenceException: Object reference not set to an instance of an object
  at Unity.XR.Oculus.OculusLoader.AssetPathToAbsolutePath (System.String assetPath) [0x00048] in C:\Users\DMC CONET\source\repos\Unity\Zombie-VR\Library\PackageCache\com.unity.xr.oculus@1.9.0\Runtime\OculusLoader.cs:249 
  at Unity.XR.Oculus.OculusLoader.EditorLoadOVRPlugin () [0x0007b] in C:\Users\DMC CONET\source\repos\Unity\Zombie-VR\Library\PackageCache\com.unity.xr.oculus@1.9.0\Runtime\OculusLoader.cs:234 

(Filename: Library/PackageCache/com.unity.xr.oculus@1.9.0/Runtime/OculusLoader.cs Line: 249)

Mono: successfully reloaded assembly
- Completed reload, in  0.719 seconds
Platform modules already initialized, skipping
Refreshing native plugins compatible for Editor in 0.40 ms, found 3 plugins.
Preloading 1 native plugins for Editor in 0.06 ms.
Unloading 1660 Unused Serialized files (Serialized files now loaded: 0)
System memory in use before: 97.0 MB.
System memory in use after: 97.1 MB.

Unloading 6 unused Assets to reduce memory usage. Loaded Objects now: 2158.
Total: 1.716400 ms (FindLiveObjects: 0.168600 ms CreateObjectMapping: 0.052400 ms MarkObjects: 1.455000 ms  DeleteObjects: 0.039900 ms)

========================================================================
Received Import Request.
  Time since last request: 209.945984 seconds.
  path: Assets/Prefabs/Zombie/Zombie1.prefab
  artifactKey: Guid(6dc4cf4496348884d8ee27743ae38562) Importer(815301076,1909f56bfc062723c751e8b465ee728b)
Start importing Assets/Prefabs/Zombie/Zombie1.prefab using Guid(6dc4cf4496348884d8ee27743ae38562) Importer(815301076,1909f56bfc062723c751e8b465ee728b)  -> (artifact id: '0ddbb088c94f36ec594ad130d02df2db') in 0.102603 seconds
  Import took 0.106306 seconds .

========================================================================
Received Prepare
Registering precompiled user dll's ...
Registered in 0.001260 seconds.
Begin MonoManager ReloadAssembly
Native extension for WindowsStandalone target not found
Refreshing native plugins compatible for Editor in 0.38 ms, found 3 plugins.
Preloading 1 native plugins for Editor in 0.07 ms.
NullReferenceException: Object reference not set to an instance of an object
  at Unity.XR.Oculus.OculusLoader.AssetPathToAbsolutePath (System.String assetPath) [0x00048] in C:\Users\DMC CONET\source\repos\Unity\Zombie-VR\Library\PackageCache\com.unity.xr.oculus@1.9.0\Runtime\OculusLoader.cs:249 
  at Unity.XR.Oculus.OculusLoader.EditorLoadOVRPlugin () [0x0007b] in C:\Users\DMC CONET\source\repos\Unity\Zombie-VR\Library\PackageCache\com.unity.xr.oculus@1.9.0\Runtime\OculusLoader.cs:234 

(Filename: Library/PackageCache/com.unity.xr.oculus@1.9.0/Runtime/OculusLoader.cs Line: 249)

Mono: successfully reloaded assembly
- Completed reload, in  0.713 seconds
Platform modules already initialized, skipping
Refreshing native plugins compatible for Editor in 0.38 ms, found 3 plugins.
Preloading 1 native plugins for Editor in 0.06 ms.
Unloading 1660 Unused Serialized files (Serialized files now loaded: 0)
System memory in use before: 97.0 MB.
System memory in use after: 97.1 MB.

Unloading 6 unused Assets to reduce memory usage. Loaded Objects now: 2163.
Total: 1.697700 ms (FindLiveObjects: 0.174300 ms CreateObjectMapping: 0.054200 ms MarkObjects: 1.430500 ms  DeleteObjects: 0.037900 ms)

AssetImportWorkerClient::OnTransportError - code=2 error=End of file
