Using pre-set license
Built from '2020.3/staging' branch; Version is '2020.3.4f1 (0abb6314276a) revision 703331'; Using compiler version '192528614'; Build Type 'Release'
OS: 'Windows 10 Pro; OS build 18363.1500; Version 1909; 64bit' Language: 'ko' Physical Memory: 16315 MB
BatchMode: 1, IsHumanControllingUs: 0, StartBugReporterOnCrash: 0, Is64bit: 1, IsPro: 0

 COMMAND LINE ARGUMENTS:
C:\Program Files\Unity\Hub\Editor\2020.3.4f1\Editor\Unity.exe
-adb2
-batchMode
-noUpm
-name
AssetImportWorker0
-projectPath
C:/Users/DMC CONET/Desktop/NewDeal_2D_0503
-logFile
Logs/AssetImportWorker0.log
-srvPort
57539
Successfully changed project path to: C:/Users/DMC CONET/Desktop/NewDeal_2D_0503
C:/Users/DMC CONET/Desktop/NewDeal_2D_0503
Using Asset Import Pipeline V2.
Refreshing native plugins compatible for Editor in 24.59 ms, found 0 plugins.
Preloading 0 native plugins for Editor in 0.00 ms.
Initialize engine version: 2020.3.4f1 (0abb6314276a)
[Subsystems] Discovering subsystems at path C:/Program Files/Unity/Hub/Editor/2020.3.4f1/Editor/Data/Resources/UnitySubsystems
[Subsystems] Discovering subsystems at path C:/Users/DMC CONET/Desktop/NewDeal_2D_0503/Assets
GfxDevice: creating device client; threaded=0
Direct3D:
    Version:  Direct3D 11.0 [level 11.1]
    Renderer: NVIDIA GeForce GTX 1660 SUPER (ID=0x21c4)
    Vendor:   
    VRAM:     5991 MB
    Driver:   27.21.14.5751
Initialize mono
Mono path[0] = 'C:/Program Files/Unity/Hub/Editor/2020.3.4f1/Editor/Data/Managed'
Mono path[1] = 'C:/Program Files/Unity/Hub/Editor/2020.3.4f1/Editor/Data/MonoBleedingEdge/lib/mono/unityjit'
Mono config path = 'C:/Program Files/Unity/Hub/Editor/2020.3.4f1/Editor/Data/MonoBleedingEdge/etc'
Using monoOptions --debugger-agent=transport=dt_socket,embedding=1,server=y,suspend=n,address=127.0.0.1:56388
Begin MonoManager ReloadAssembly
Registering precompiled unity dll's ...
Register platform support module: C:/Program Files/Unity/Hub/Editor/2020.3.4f1/Editor/Data/PlaybackEngines/WindowsStandaloneSupport/UnityEditor.WindowsStandalone.Extensions.dll
Registered in 0.001342 seconds.
Native extension for WindowsStandalone target not found
Refreshing native plugins compatible for Editor in 26.99 ms, found 0 plugins.
Preloading 0 native plugins for Editor in 0.00 ms.
Mono: successfully reloaded assembly
- Completed reload, in  1.489 seconds
Platform modules already initialized, skipping
Registering precompiled user dll's ...
Registered in 0.000531 seconds.
Begin MonoManager ReloadAssembly
Native extension for WindowsStandalone target not found
Refreshing native plugins compatible for Editor in 0.22 ms, found 0 plugins.
Preloading 0 native plugins for Editor in 0.00 ms.
Mono: successfully reloaded assembly
- Completed reload, in  0.713 seconds
Platform modules already initialized, skipping
========================================================================
Worker process is ready to serve import requests
Launched and connected shader compiler UnityShaderCompiler.exe after 0.03 seconds
Refreshing native plugins compatible for Editor in 0.22 ms, found 0 plugins.
Preloading 0 native plugins for Editor in 0.00 ms.
Unloading 1149 Unused Serialized files (Serialized files now loaded: 0)
System memory in use before: 60.9 MB.
System memory in use after: 61.0 MB.

Unloading 9 unused Assets to reduce memory usage. Loaded Objects now: 1594.
Total: 1.563700 ms (FindLiveObjects: 0.134500 ms CreateObjectMapping: 0.067200 ms MarkObjects: 1.305200 ms  DeleteObjects: 0.055800 ms)

========================================================================
Received Import Request.
  path: Assets/Scripts/Shooting/ScoreManager.cs
  artifactKey: Guid(da12a17b5a9b33c4d89c5858b148fb93) Importer(815301076,1909f56bfc062723c751e8b465ee728b)
Start importing Assets/Scripts/Shooting/ScoreManager.cs using Guid(da12a17b5a9b33c4d89c5858b148fb93) Importer(815301076,1909f56bfc062723c751e8b465ee728b)  -> (artifact id: 'fabdbb45074436f089d861acefb180f7') in 0.016940 seconds
  Import took 0.018732 seconds .

========================================================================
Received Import Request.
  Time since last request: 0.000265 seconds.
  path: Assets/Scripts/Shooting/PlayerFire.cs
  artifactKey: Guid(708b118a0b28a8d4997faad80b8e8000) Importer(815301076,1909f56bfc062723c751e8b465ee728b)
Start importing Assets/Scripts/Shooting/PlayerFire.cs using Guid(708b118a0b28a8d4997faad80b8e8000) Importer(815301076,1909f56bfc062723c751e8b465ee728b)  -> (artifact id: '5fa47007ccb5acca07f2a6f390946667') in 0.005403 seconds
  Import took 0.007212 seconds .

========================================================================
Received Import Request.
  Time since last request: 23.007532 seconds.
  path: Assets/Scripts/Shooting/ScoreManager.cs
  artifactKey: Guid(da12a17b5a9b33c4d89c5858b148fb93) Importer(815301076,1909f56bfc062723c751e8b465ee728b)
Start importing Assets/Scripts/Shooting/ScoreManager.cs using Guid(da12a17b5a9b33c4d89c5858b148fb93) Importer(815301076,1909f56bfc062723c751e8b465ee728b)  -> (artifact id: '82338050d9cad1eaec394c44981376aa') in 0.002310 seconds
  Import took 0.004188 seconds .

========================================================================
Received Import Request.
  Time since last request: 0.067055 seconds.
  path: Assets/Scripts/Shooting/ScoreManager.cs
  artifactKey: Guid(da12a17b5a9b33c4d89c5858b148fb93) Importer(815301076,1909f56bfc062723c751e8b465ee728b)
Start importing Assets/Scripts/Shooting/ScoreManager.cs using Guid(da12a17b5a9b33c4d89c5858b148fb93) Importer(815301076,1909f56bfc062723c751e8b465ee728b)  -> (artifact id: '82338050d9cad1eaec394c44981376aa') in 0.002361 seconds
  Import took 0.004210 seconds .

========================================================================
Received Import Request.
  Time since last request: 4.563393 seconds.
  path: Assets/Scripts/Shooting/ScoreManager.cs
  artifactKey: Guid(da12a17b5a9b33c4d89c5858b148fb93) Importer(815301076,1909f56bfc062723c751e8b465ee728b)
Start importing Assets/Scripts/Shooting/ScoreManager.cs using Guid(da12a17b5a9b33c4d89c5858b148fb93) Importer(815301076,1909f56bfc062723c751e8b465ee728b)  -> (artifact id: '37a2c728373322e0816dfb516711b43d') in 0.002295 seconds
  Import took 0.004627 seconds .

========================================================================
Received Import Request.
  Time since last request: 9.136221 seconds.
  path: Assets/Scripts/Shooting/ScoreManager.cs
  artifactKey: Guid(da12a17b5a9b33c4d89c5858b148fb93) Importer(815301076,1909f56bfc062723c751e8b465ee728b)
Start importing Assets/Scripts/Shooting/ScoreManager.cs using Guid(da12a17b5a9b33c4d89c5858b148fb93) Importer(815301076,1909f56bfc062723c751e8b465ee728b)  -> (artifact id: 'd6e599b250235f3bc5da7ba031671a11') in 0.002210 seconds
  Import took 0.004043 seconds .

========================================================================
Received Import Request.
  Time since last request: 0.001597 seconds.
  path: Assets/Scripts/Shooting/ScoreManager.cs
  artifactKey: Guid(da12a17b5a9b33c4d89c5858b148fb93) Importer(815301076,1909f56bfc062723c751e8b465ee728b)
Start importing Assets/Scripts/Shooting/ScoreManager.cs using Guid(da12a17b5a9b33c4d89c5858b148fb93) Importer(815301076,1909f56bfc062723c751e8b465ee728b)  -> (artifact id: 'd6e599b250235f3bc5da7ba031671a11') in 0.002022 seconds
  Import took 0.003789 seconds .

========================================================================
Received Prepare
Registering precompiled user dll's ...
Registered in 0.000474 seconds.
Begin MonoManager ReloadAssembly
Native extension for WindowsStandalone target not found
Refreshing native plugins compatible for Editor in 0.29 ms, found 0 plugins.
Preloading 0 native plugins for Editor in 0.00 ms.
Mono: successfully reloaded assembly
- Completed reload, in  0.660 seconds
Platform modules already initialized, skipping
Refreshing native plugins compatible for Editor in 0.23 ms, found 0 plugins.
Preloading 0 native plugins for Editor in 0.00 ms.
Unloading 1142 Unused Serialized files (Serialized files now loaded: 0)
System memory in use before: 60.7 MB.
System memory in use after: 60.8 MB.

Unloading 4 unused Assets to reduce memory usage. Loaded Objects now: 1597.
Total: 1.899800 ms (FindLiveObjects: 0.198200 ms CreateObjectMapping: 0.057900 ms MarkObjects: 1.626600 ms  DeleteObjects: 0.015800 ms)

========================================================================
Received Prepare
Registering precompiled user dll's ...
Registered in 0.000788 seconds.
Begin MonoManager ReloadAssembly
Native extension for WindowsStandalone target not found
Refreshing native plugins compatible for Editor in 0.23 ms, found 0 plugins.
Preloading 0 native plugins for Editor in 0.00 ms.
Mono: successfully reloaded assembly
- Completed reload, in  0.650 seconds
Platform modules already initialized, skipping
Refreshing native plugins compatible for Editor in 0.23 ms, found 0 plugins.
Preloading 0 native plugins for Editor in 0.00 ms.
Unloading 1142 Unused Serialized files (Serialized files now loaded: 0)
System memory in use before: 60.7 MB.
System memory in use after: 60.8 MB.

Unloading 4 unused Assets to reduce memory usage. Loaded Objects now: 1600.
Total: 1.288200 ms (FindLiveObjects: 0.118400 ms CreateObjectMapping: 0.032300 ms MarkObjects: 1.126400 ms  DeleteObjects: 0.010100 ms)

========================================================================
Received Import Request.
  Time since last request: 145.604679 seconds.
  path: Assets/Scripts/Shooting/ScoreManager.cs
  artifactKey: Guid(da12a17b5a9b33c4d89c5858b148fb93) Importer(815301076,1909f56bfc062723c751e8b465ee728b)
Start importing Assets/Scripts/Shooting/ScoreManager.cs using Guid(da12a17b5a9b33c4d89c5858b148fb93) Importer(815301076,1909f56bfc062723c751e8b465ee728b)  -> (artifact id: '5983eaef81bbc36666c0347d9837490e') in 0.005351 seconds
  Import took 0.007042 seconds .

========================================================================
Received Import Request.
  Time since last request: 746.395607 seconds.
  path: Assets/Scripts/Shooting/UiManagerScript.cs
  artifactKey: Guid(99fb432cc3212c2479dc6c577251b675) Importer(815301076,1909f56bfc062723c751e8b465ee728b)
Start importing Assets/Scripts/Shooting/UiManagerScript.cs using Guid(99fb432cc3212c2479dc6c577251b675) Importer(815301076,1909f56bfc062723c751e8b465ee728b)  -> (artifact id: 'db0d801eebc326e9fc4c06c1ac12f29e') in 0.006656 seconds
  Import took 0.009251 seconds .

========================================================================
Received Prepare
Registering precompiled user dll's ...
Registered in 0.000550 seconds.
Begin MonoManager ReloadAssembly
Native extension for WindowsStandalone target not found
Refreshing native plugins compatible for Editor in 0.31 ms, found 0 plugins.
Preloading 0 native plugins for Editor in 0.00 ms.
Mono: successfully reloaded assembly
- Completed reload, in  0.677 seconds
Platform modules already initialized, skipping
Refreshing native plugins compatible for Editor in 0.28 ms, found 0 plugins.
Preloading 0 native plugins for Editor in 0.00 ms.
Unloading 1143 Unused Serialized files (Serialized files now loaded: 0)
System memory in use before: 60.8 MB.
System memory in use after: 60.9 MB.

Unloading 4 unused Assets to reduce memory usage. Loaded Objects now: 1604.
Total: 1.561600 ms (FindLiveObjects: 0.239600 ms CreateObjectMapping: 0.073100 ms MarkObjects: 1.235700 ms  DeleteObjects: 0.012100 ms)

========================================================================
Received Import Request.
  Time since last request: 49.065449 seconds.
  path: Assets/Joystick Pack/Prefabs/Dynamic Joystick.prefab
  artifactKey: Guid(56fae09712773584fb63896d473a98ee) Importer(815301076,1909f56bfc062723c751e8b465ee728b)
Start importing Assets/Joystick Pack/Prefabs/Dynamic Joystick.prefab using Guid(56fae09712773584fb63896d473a98ee) Importer(815301076,1909f56bfc062723c751e8b465ee728b)  -> (artifact id: '7804f661f53e432abc6a2069f29bdef9') in 0.034663 seconds
  Import took 0.037327 seconds .

========================================================================
Received Import Request.
  Time since last request: 2188.623174 seconds.
  path: Assets/Scripts/Joystick.cs
  artifactKey: Guid(123fa8d44f1be3c4d911027f9c6bf4b3) Importer(815301076,1909f56bfc062723c751e8b465ee728b)
Start importing Assets/Scripts/Joystick.cs using Guid(123fa8d44f1be3c4d911027f9c6bf4b3) Importer(815301076,1909f56bfc062723c751e8b465ee728b)  -> (artifact id: '1ab87e5352b43786c08878616ff274ba') in 0.006254 seconds
  Import took 0.010173 seconds .

========================================================================
Received Import Request.
  Time since last request: 6.533411 seconds.
  path: Assets/Scripts/JoyStick.cs
  artifactKey: Guid(123fa8d44f1be3c4d911027f9c6bf4b3) Importer(815301076,1909f56bfc062723c751e8b465ee728b)
Start importing Assets/Scripts/JoyStick.cs using Guid(123fa8d44f1be3c4d911027f9c6bf4b3) Importer(815301076,1909f56bfc062723c751e8b465ee728b)  -> (artifact id: '61aeef3ae734d47607c3f82acc85ccc8') in 0.006167 seconds
  Import took 0.008755 seconds .

========================================================================
Received Import Request.
  Time since last request: 0.004169 seconds.
  path: Assets/Scripts/JoyStick.cs
  artifactKey: Guid(123fa8d44f1be3c4d911027f9c6bf4b3) Importer(815301076,1909f56bfc062723c751e8b465ee728b)
Start importing Assets/Scripts/JoyStick.cs using Guid(123fa8d44f1be3c4d911027f9c6bf4b3) Importer(815301076,1909f56bfc062723c751e8b465ee728b)  -> (artifact id: '61aeef3ae734d47607c3f82acc85ccc8') in 0.002015 seconds
  Import took 0.003802 seconds .

========================================================================
Received Prepare
Registering precompiled user dll's ...
Registered in 0.000585 seconds.
Begin MonoManager ReloadAssembly
Native extension for WindowsStandalone target not found
Refreshing native plugins compatible for Editor in 0.25 ms, found 0 plugins.
Preloading 0 native plugins for Editor in 0.00 ms.
Mono: successfully reloaded assembly
- Completed reload, in  0.708 seconds
Platform modules already initialized, skipping
Refreshing native plugins compatible for Editor in 0.23 ms, found 0 plugins.
Preloading 0 native plugins for Editor in 0.00 ms.
Unloading 1144 Unused Serialized files (Serialized files now loaded: 0)
System memory in use before: 60.8 MB.
System memory in use after: 60.9 MB.

Unloading 4 unused Assets to reduce memory usage. Loaded Objects now: 1608.
Total: 1.608600 ms (FindLiveObjects: 0.150900 ms CreateObjectMapping: 0.032600 ms MarkObjects: 1.396300 ms  DeleteObjects: 0.028300 ms)

========================================================================
Received Import Request.
  Time since last request: 69.615342 seconds.
  path: Assets/Scripts/JoyStick.cs
  artifactKey: Guid(123fa8d44f1be3c4d911027f9c6bf4b3) Importer(815301076,1909f56bfc062723c751e8b465ee728b)
Start importing Assets/Scripts/JoyStick.cs using Guid(123fa8d44f1be3c4d911027f9c6bf4b3) Importer(815301076,1909f56bfc062723c751e8b465ee728b)  -> (artifact id: 'ff1c21e2d3891fee80f9755a5b087616') in 0.004109 seconds
  Import took 0.006324 seconds .

========================================================================
Received Prepare
Registering precompiled user dll's ...
Registered in 0.000775 seconds.
Begin MonoManager ReloadAssembly
Native extension for WindowsStandalone target not found
Refreshing native plugins compatible for Editor in 0.24 ms, found 0 plugins.
Preloading 0 native plugins for Editor in 0.00 ms.
Mono: successfully reloaded assembly
- Completed reload, in  0.647 seconds
Platform modules already initialized, skipping
Refreshing native plugins compatible for Editor in 0.24 ms, found 0 plugins.
Preloading 0 native plugins for Editor in 0.00 ms.
Unloading 1144 Unused Serialized files (Serialized files now loaded: 0)
System memory in use before: 60.8 MB.
System memory in use after: 60.9 MB.

Unloading 4 unused Assets to reduce memory usage. Loaded Objects now: 1611.
Total: 1.502600 ms (FindLiveObjects: 0.143300 ms CreateObjectMapping: 0.034900 ms MarkObjects: 1.312200 ms  DeleteObjects: 0.011600 ms)

========================================================================
Received Prepare
Registering precompiled user dll's ...
Registered in 0.000583 seconds.
Begin MonoManager ReloadAssembly
Native extension for WindowsStandalone target not found
Refreshing native plugins compatible for Editor in 0.24 ms, found 0 plugins.
Preloading 0 native plugins for Editor in 0.00 ms.
Mono: successfully reloaded assembly
- Completed reload, in  0.649 seconds
Platform modules already initialized, skipping
Refreshing native plugins compatible for Editor in 0.23 ms, found 0 plugins.
Preloading 0 native plugins for Editor in 0.00 ms.
Unloading 1144 Unused Serialized files (Serialized files now loaded: 0)
System memory in use before: 60.8 MB.
System memory in use after: 60.9 MB.

Unloading 4 unused Assets to reduce memory usage. Loaded Objects now: 1614.
Total: 1.340900 ms (FindLiveObjects: 0.131300 ms CreateObjectMapping: 0.032200 ms MarkObjects: 1.166600 ms  DeleteObjects: 0.010100 ms)

========================================================================
Received Prepare
Registering precompiled user dll's ...
Registered in 0.000614 seconds.
Begin MonoManager ReloadAssembly
Native extension for WindowsStandalone target not found
Refreshing native plugins compatible for Editor in 0.24 ms, found 0 plugins.
Preloading 0 native plugins for Editor in 0.00 ms.
Mono: successfully reloaded assembly
- Completed reload, in  0.646 seconds
Platform modules already initialized, skipping
Refreshing native plugins compatible for Editor in 0.23 ms, found 0 plugins.
Preloading 0 native plugins for Editor in 0.00 ms.
Unloading 1144 Unused Serialized files (Serialized files now loaded: 0)
System memory in use before: 60.9 MB.
System memory in use after: 61.0 MB.

Unloading 4 unused Assets to reduce memory usage. Loaded Objects now: 1617.
Total: 1.310800 ms (FindLiveObjects: 0.135700 ms CreateObjectMapping: 0.033500 ms MarkObjects: 1.131100 ms  DeleteObjects: 0.009800 ms)

========================================================================
Received Prepare
Registering precompiled user dll's ...
Registered in 0.000851 seconds.
Begin MonoManager ReloadAssembly
Native extension for WindowsStandalone target not found
Refreshing native plugins compatible for Editor in 0.24 ms, found 0 plugins.
Preloading 0 native plugins for Editor in 0.00 ms.
Mono: successfully reloaded assembly
- Completed reload, in  0.635 seconds
Platform modules already initialized, skipping
Refreshing native plugins compatible for Editor in 0.24 ms, found 0 plugins.
Preloading 0 native plugins for Editor in 0.00 ms.
Unloading 1144 Unused Serialized files (Serialized files now loaded: 0)
System memory in use before: 60.9 MB.
System memory in use after: 61.0 MB.

Unloading 4 unused Assets to reduce memory usage. Loaded Objects now: 1620.
Total: 1.404500 ms (FindLiveObjects: 0.153000 ms CreateObjectMapping: 0.042100 ms MarkObjects: 1.196400 ms  DeleteObjects: 0.012300 ms)

========================================================================
Received Prepare
Registering precompiled user dll's ...
Registered in 0.000532 seconds.
Begin MonoManager ReloadAssembly
Native extension for WindowsStandalone target not found
Refreshing native plugins compatible for Editor in 0.25 ms, found 0 plugins.
Preloading 0 native plugins for Editor in 0.00 ms.
Mono: successfully reloaded assembly
- Completed reload, in  0.651 seconds
Platform modules already initialized, skipping
Refreshing native plugins compatible for Editor in 0.24 ms, found 0 plugins.
Preloading 0 native plugins for Editor in 0.00 ms.
Unloading 1144 Unused Serialized files (Serialized files now loaded: 0)
System memory in use before: 60.9 MB.
System memory in use after: 61.0 MB.

Unloading 4 unused Assets to reduce memory usage. Loaded Objects now: 1623.
Total: 1.409800 ms (FindLiveObjects: 0.119300 ms CreateObjectMapping: 0.030300 ms MarkObjects: 1.248900 ms  DeleteObjects: 0.010600 ms)

========================================================================
Received Prepare
Registering precompiled user dll's ...
Registered in 0.000547 seconds.
Begin MonoManager ReloadAssembly
Native extension for WindowsStandalone target not found
Refreshing native plugins compatible for Editor in 0.23 ms, found 0 plugins.
Preloading 0 native plugins for Editor in 0.00 ms.
Mono: successfully reloaded assembly
- Completed reload, in  0.641 seconds
Platform modules already initialized, skipping
Refreshing native plugins compatible for Editor in 0.23 ms, found 0 plugins.
Preloading 0 native plugins for Editor in 0.00 ms.
Unloading 1144 Unused Serialized files (Serialized files now loaded: 0)
System memory in use before: 60.9 MB.
System memory in use after: 61.0 MB.

Unloading 4 unused Assets to reduce memory usage. Loaded Objects now: 1626.
Total: 1.351900 ms (FindLiveObjects: 0.128600 ms CreateObjectMapping: 0.032000 ms MarkObjects: 1.180500 ms  DeleteObjects: 0.010000 ms)

========================================================================
Received Prepare
Registering precompiled user dll's ...
Registered in 0.000541 seconds.
Begin MonoManager ReloadAssembly
Native extension for WindowsStandalone target not found
Refreshing native plugins compatible for Editor in 0.23 ms, found 0 plugins.
Preloading 0 native plugins for Editor in 0.00 ms.
Mono: successfully reloaded assembly
- Completed reload, in  0.645 seconds
Platform modules already initialized, skipping
Refreshing native plugins compatible for Editor in 0.22 ms, found 0 plugins.
Preloading 0 native plugins for Editor in 0.00 ms.
Unloading 1144 Unused Serialized files (Serialized files now loaded: 0)
System memory in use before: 60.9 MB.
System memory in use after: 61.0 MB.

Unloading 4 unused Assets to reduce memory usage. Loaded Objects now: 1629.
Total: 1.459400 ms (FindLiveObjects: 0.129500 ms CreateObjectMapping: 0.029300 ms MarkObjects: 1.191400 ms  DeleteObjects: 0.108300 ms)

========================================================================
Received Prepare
Registering precompiled user dll's ...
Registered in 0.000564 seconds.
Begin MonoManager ReloadAssembly
Native extension for WindowsStandalone target not found
Refreshing native plugins compatible for Editor in 0.24 ms, found 0 plugins.
Preloading 0 native plugins for Editor in 0.00 ms.
Mono: successfully reloaded assembly
- Completed reload, in  0.634 seconds
Platform modules already initialized, skipping
Refreshing native plugins compatible for Editor in 0.23 ms, found 0 plugins.
Preloading 0 native plugins for Editor in 0.00 ms.
Unloading 1144 Unused Serialized files (Serialized files now loaded: 0)
System memory in use before: 60.9 MB.
System memory in use after: 61.0 MB.

Unloading 4 unused Assets to reduce memory usage. Loaded Objects now: 1632.
Total: 1.509800 ms (FindLiveObjects: 0.131900 ms CreateObjectMapping: 0.034100 ms MarkObjects: 1.307600 ms  DeleteObjects: 0.035300 ms)

========================================================================
Received Prepare
Registering precompiled user dll's ...
Registered in 0.000509 seconds.
Begin MonoManager ReloadAssembly
Native extension for WindowsStandalone target not found
Refreshing native plugins compatible for Editor in 0.23 ms, found 0 plugins.
Preloading 0 native plugins for Editor in 0.00 ms.
Mono: successfully reloaded assembly
- Completed reload, in  0.647 seconds
Platform modules already initialized, skipping
Refreshing native plugins compatible for Editor in 0.23 ms, found 0 plugins.
Preloading 0 native plugins for Editor in 0.00 ms.
Unloading 1144 Unused Serialized files (Serialized files now loaded: 0)
System memory in use before: 60.9 MB.
System memory in use after: 61.0 MB.

Unloading 4 unused Assets to reduce memory usage. Loaded Objects now: 1635.
Total: 1.376900 ms (FindLiveObjects: 0.166100 ms CreateObjectMapping: 0.042600 ms MarkObjects: 1.156300 ms  DeleteObjects: 0.011000 ms)

========================================================================
Received Prepare
Registering precompiled user dll's ...
Registered in 0.000538 seconds.
Begin MonoManager ReloadAssembly
Native extension for WindowsStandalone target not found
Refreshing native plugins compatible for Editor in 0.24 ms, found 0 plugins.
Preloading 0 native plugins for Editor in 0.00 ms.
Mono: successfully reloaded assembly
- Completed reload, in  0.644 seconds
Platform modules already initialized, skipping
Refreshing native plugins compatible for Editor in 0.24 ms, found 0 plugins.
Preloading 0 native plugins for Editor in 0.00 ms.
Unloading 1144 Unused Serialized files (Serialized files now loaded: 0)
System memory in use before: 60.9 MB.
System memory in use after: 61.0 MB.

Unloading 4 unused Assets to reduce memory usage. Loaded Objects now: 1638.
Total: 1.422500 ms (FindLiveObjects: 0.141400 ms CreateObjectMapping: 0.034700 ms MarkObjects: 1.230600 ms  DeleteObjects: 0.014900 ms)

========================================================================
Received Prepare
Registering precompiled user dll's ...
Registered in 0.000571 seconds.
Begin MonoManager ReloadAssembly
Native extension for WindowsStandalone target not found
Refreshing native plugins compatible for Editor in 0.23 ms, found 0 plugins.
Preloading 0 native plugins for Editor in 0.00 ms.
Mono: successfully reloaded assembly
- Completed reload, in  0.641 seconds
Platform modules already initialized, skipping
Refreshing native plugins compatible for Editor in 0.22 ms, found 0 plugins.
Preloading 0 native plugins for Editor in 0.00 ms.
Unloading 1144 Unused Serialized files (Serialized files now loaded: 0)
System memory in use before: 60.9 MB.
System memory in use after: 61.0 MB.

Unloading 4 unused Assets to reduce memory usage. Loaded Objects now: 1641.
Total: 1.340500 ms (FindLiveObjects: 0.123700 ms CreateObjectMapping: 0.032800 ms MarkObjects: 1.171200 ms  DeleteObjects: 0.012200 ms)

========================================================================
Received Prepare
Registering precompiled user dll's ...
Registered in 0.000524 seconds.
Begin MonoManager ReloadAssembly
Native extension for WindowsStandalone target not found
Refreshing native plugins compatible for Editor in 0.23 ms, found 0 plugins.
Preloading 0 native plugins for Editor in 0.00 ms.
Mono: successfully reloaded assembly
- Completed reload, in  0.647 seconds
Platform modules already initialized, skipping
Refreshing native plugins compatible for Editor in 0.23 ms, found 0 plugins.
Preloading 0 native plugins for Editor in 0.00 ms.
Unloading 1144 Unused Serialized files (Serialized files now loaded: 0)
System memory in use before: 60.9 MB.
System memory in use after: 61.0 MB.

Unloading 4 unused Assets to reduce memory usage. Loaded Objects now: 1644.
Total: 1.362100 ms (FindLiveObjects: 0.128200 ms CreateObjectMapping: 0.031500 ms MarkObjects: 1.191600 ms  DeleteObjects: 0.010100 ms)

========================================================================
Received Prepare
Registering precompiled user dll's ...
Registered in 0.000539 seconds.
Begin MonoManager ReloadAssembly
Native extension for WindowsStandalone target not found
Refreshing native plugins compatible for Editor in 0.23 ms, found 0 plugins.
Preloading 0 native plugins for Editor in 0.00 ms.
Mono: successfully reloaded assembly
- Completed reload, in  0.648 seconds
Platform modules already initialized, skipping
Refreshing native plugins compatible for Editor in 0.25 ms, found 0 plugins.
Preloading 0 native plugins for Editor in 0.00 ms.
Unloading 1144 Unused Serialized files (Serialized files now loaded: 0)
System memory in use before: 60.9 MB.
System memory in use after: 61.0 MB.

Unloading 4 unused Assets to reduce memory usage. Loaded Objects now: 1647.
Total: 1.406400 ms (FindLiveObjects: 0.151000 ms CreateObjectMapping: 0.034200 ms MarkObjects: 1.208900 ms  DeleteObjects: 0.011400 ms)

========================================================================
Received Prepare
Registering precompiled user dll's ...
Registered in 0.000498 seconds.
Begin MonoManager ReloadAssembly
Native extension for WindowsStandalone target not found
Refreshing native plugins compatible for Editor in 0.24 ms, found 0 plugins.
Preloading 0 native plugins for Editor in 0.00 ms.
Mono: successfully reloaded assembly
- Completed reload, in  0.634 seconds
Platform modules already initialized, skipping
Refreshing native plugins compatible for Editor in 0.23 ms, found 0 plugins.
Preloading 0 native plugins for Editor in 0.00 ms.
Unloading 1144 Unused Serialized files (Serialized files now loaded: 0)
System memory in use before: 60.9 MB.
System memory in use after: 61.0 MB.

Unloading 4 unused Assets to reduce memory usage. Loaded Objects now: 1650.
Total: 1.358700 ms (FindLiveObjects: 0.133000 ms CreateObjectMapping: 0.031900 ms MarkObjects: 1.182800 ms  DeleteObjects: 0.010400 ms)

AssetImportWorkerClient::OnTransportError - code=2 error=End of file
