Using pre-set license
Built from '2020.3/staging' branch; Version is '2020.3.4f1 (0abb6314276a) revision 703331'; Using compiler version '192528614'; Build Type 'Release'
OS: 'Windows 10 Pro; OS build 18363.1500; Version 1909; 64bit' Language: 'ko' Physical Memory: 16315 MB
BatchMode: 1, IsHumanControllingUs: 0, StartBugReporterOnCrash: 0, Is64bit: 1, IsPro: 0

 COMMAND LINE ARGUMENTS:
C:\Program Files\Unity\Hub\Editor\2020.3.4f1\Editor\Unity.exe
-adb2
-batchMode
-noUpm
-name
AssetImportWorker0
-projectPath
C:/Users/DMC CONET/Desktop/NewDeal_2D_0503
-logFile
Logs/AssetImportWorker0.log
-srvPort
49382
Successfully changed project path to: C:/Users/DMC CONET/Desktop/NewDeal_2D_0503
C:/Users/DMC CONET/Desktop/NewDeal_2D_0503
Using Asset Import Pipeline V2.
Refreshing native plugins compatible for Editor in 23.94 ms, found 0 plugins.
Preloading 0 native plugins for Editor in 0.00 ms.
Initialize engine version: 2020.3.4f1 (0abb6314276a)
[Subsystems] Discovering subsystems at path C:/Program Files/Unity/Hub/Editor/2020.3.4f1/Editor/Data/Resources/UnitySubsystems
[Subsystems] Discovering subsystems at path C:/Users/DMC CONET/Desktop/NewDeal_2D_0503/Assets
GfxDevice: creating device client; threaded=0
Direct3D:
    Version:  Direct3D 11.0 [level 11.1]
    Renderer: NVIDIA GeForce GTX 1660 SUPER (ID=0x21c4)
    Vendor:   
    VRAM:     5991 MB
    Driver:   27.21.14.5751
Initialize mono
Mono path[0] = 'C:/Program Files/Unity/Hub/Editor/2020.3.4f1/Editor/Data/Managed'
Mono path[1] = 'C:/Program Files/Unity/Hub/Editor/2020.3.4f1/Editor/Data/MonoBleedingEdge/lib/mono/unityjit'
Mono config path = 'C:/Program Files/Unity/Hub/Editor/2020.3.4f1/Editor/Data/MonoBleedingEdge/etc'
Using monoOptions --debugger-agent=transport=dt_socket,embedding=1,server=y,suspend=n,address=127.0.0.1:56040
Begin MonoManager ReloadAssembly
Registering precompiled unity dll's ...
Register platform support module: C:/Program Files/Unity/Hub/Editor/2020.3.4f1/Editor/Data/PlaybackEngines/WindowsStandaloneSupport/UnityEditor.WindowsStandalone.Extensions.dll
Registered in 0.001325 seconds.
Native extension for WindowsStandalone target not found
Refreshing native plugins compatible for Editor in 24.73 ms, found 0 plugins.
Preloading 0 native plugins for Editor in 0.00 ms.
Mono: successfully reloaded assembly
- Completed reload, in  1.327 seconds
Platform modules already initialized, skipping
Registering precompiled user dll's ...
Registered in 0.000520 seconds.
Begin MonoManager ReloadAssembly
Native extension for WindowsStandalone target not found
Refreshing native plugins compatible for Editor in 0.23 ms, found 0 plugins.
Preloading 0 native plugins for Editor in 0.00 ms.
Mono: successfully reloaded assembly
- Completed reload, in  0.700 seconds
Platform modules already initialized, skipping
========================================================================
Worker process is ready to serve import requests
Launched and connected shader compiler UnityShaderCompiler.exe after 0.03 seconds
Refreshing native plugins compatible for Editor in 0.22 ms, found 0 plugins.
Preloading 0 native plugins for Editor in 0.00 ms.
Unloading 1148 Unused Serialized files (Serialized files now loaded: 0)
System memory in use before: 60.9 MB.
System memory in use after: 61.0 MB.

Unloading 9 unused Assets to reduce memory usage. Loaded Objects now: 1593.
Total: 1.493700 ms (FindLiveObjects: 0.148800 ms CreateObjectMapping: 0.046500 ms MarkObjects: 1.240600 ms  DeleteObjects: 0.057100 ms)

========================================================================
Received Import Request.
  path: Assets/Scripts/Shooting/PlayerMove.cs
  artifactKey: Guid(8ecc6f502f340c843be45585d9e4750d) Importer(815301076,1909f56bfc062723c751e8b465ee728b)
Start importing Assets/Scripts/Shooting/PlayerMove.cs using Guid(8ecc6f502f340c843be45585d9e4750d) Importer(815301076,1909f56bfc062723c751e8b465ee728b)  -> (artifact id: '70deb2a0444f67669e9d6d75132f830f') in 0.016657 seconds
  Import took 0.018350 seconds .

========================================================================
Received Prepare
Registering precompiled user dll's ...
Registered in 0.000561 seconds.
Begin MonoManager ReloadAssembly
Native extension for WindowsStandalone target not found
Refreshing native plugins compatible for Editor in 0.24 ms, found 0 plugins.
Preloading 0 native plugins for Editor in 0.00 ms.
Mono: successfully reloaded assembly
- Completed reload, in  0.648 seconds
Platform modules already initialized, skipping
Refreshing native plugins compatible for Editor in 0.22 ms, found 0 plugins.
Preloading 0 native plugins for Editor in 0.00 ms.
Unloading 1141 Unused Serialized files (Serialized files now loaded: 0)
System memory in use before: 60.7 MB.
System memory in use after: 60.8 MB.

Unloading 4 unused Assets to reduce memory usage. Loaded Objects now: 1596.
Total: 1.330800 ms (FindLiveObjects: 0.128500 ms CreateObjectMapping: 0.030300 ms MarkObjects: 1.160600 ms  DeleteObjects: 0.010700 ms)

========================================================================
Received Prepare
Registering precompiled user dll's ...
Registered in 0.000661 seconds.
Begin MonoManager ReloadAssembly
Native extension for WindowsStandalone target not found
Refreshing native plugins compatible for Editor in 0.23 ms, found 0 plugins.
Preloading 0 native plugins for Editor in 0.00 ms.
Mono: successfully reloaded assembly
- Completed reload, in  0.732 seconds
Platform modules already initialized, skipping
Refreshing native plugins compatible for Editor in 0.23 ms, found 0 plugins.
Preloading 0 native plugins for Editor in 0.00 ms.
Unloading 1141 Unused Serialized files (Serialized files now loaded: 0)
System memory in use before: 60.7 MB.
System memory in use after: 60.8 MB.

Unloading 4 unused Assets to reduce memory usage. Loaded Objects now: 1599.
Total: 1.566600 ms (FindLiveObjects: 0.180300 ms CreateObjectMapping: 0.042800 ms MarkObjects: 1.328200 ms  DeleteObjects: 0.014400 ms)

========================================================================
Received Import Request.
  Time since last request: 3634.108381 seconds.
  path: Assets/Scripts/Algo/Algo4.cs
  artifactKey: Guid(f0fbdff16529f954c9a0a96f0462a27c) Importer(815301076,1909f56bfc062723c751e8b465ee728b)
Start importing Assets/Scripts/Algo/Algo4.cs using Guid(f0fbdff16529f954c9a0a96f0462a27c) Importer(815301076,1909f56bfc062723c751e8b465ee728b)  -> (artifact id: 'db572621d07ab9fcd0e35292d4a8fc51') in 0.008983 seconds
  Import took 0.011338 seconds .

========================================================================
Received Prepare
Registering precompiled user dll's ...
Registered in 0.000495 seconds.
Begin MonoManager ReloadAssembly
Native extension for WindowsStandalone target not found
Refreshing native plugins compatible for Editor in 0.23 ms, found 0 plugins.
Preloading 0 native plugins for Editor in 0.00 ms.
Mono: successfully reloaded assembly
- Completed reload, in  0.660 seconds
Platform modules already initialized, skipping
Refreshing native plugins compatible for Editor in 0.25 ms, found 0 plugins.
Preloading 0 native plugins for Editor in 0.00 ms.
Unloading 1142 Unused Serialized files (Serialized files now loaded: 0)
System memory in use before: 60.8 MB.
System memory in use after: 60.9 MB.

Unloading 4 unused Assets to reduce memory usage. Loaded Objects now: 1603.
Total: 1.457500 ms (FindLiveObjects: 0.151000 ms CreateObjectMapping: 0.037500 ms MarkObjects: 1.255600 ms  DeleteObjects: 0.012400 ms)

========================================================================
Received Prepare
Registering precompiled user dll's ...
Registered in 0.000535 seconds.
Begin MonoManager ReloadAssembly
Native extension for WindowsStandalone target not found
Refreshing native plugins compatible for Editor in 0.23 ms, found 0 plugins.
Preloading 0 native plugins for Editor in 0.00 ms.
Mono: successfully reloaded assembly
- Completed reload, in  0.646 seconds
Platform modules already initialized, skipping
Refreshing native plugins compatible for Editor in 0.23 ms, found 0 plugins.
Preloading 0 native plugins for Editor in 0.00 ms.
Unloading 1142 Unused Serialized files (Serialized files now loaded: 0)
System memory in use before: 60.8 MB.
System memory in use after: 60.9 MB.

Unloading 4 unused Assets to reduce memory usage. Loaded Objects now: 1606.
Total: 1.639000 ms (FindLiveObjects: 0.177400 ms CreateObjectMapping: 0.047500 ms MarkObjects: 1.402300 ms  DeleteObjects: 0.010900 ms)

========================================================================
Received Import Request.
  Time since last request: 298.815663 seconds.
  path: Assets/Scripts/Algo/Algo4.cs
  artifactKey: Guid(f0fbdff16529f954c9a0a96f0462a27c) Importer(815301076,1909f56bfc062723c751e8b465ee728b)
Start importing Assets/Scripts/Algo/Algo4.cs using Guid(f0fbdff16529f954c9a0a96f0462a27c) Importer(815301076,1909f56bfc062723c751e8b465ee728b)  -> (artifact id: 'c40584b0e71a490314291e3285e1a773') in 0.003548 seconds
  Import took 0.005189 seconds .

========================================================================
Received Prepare
Registering precompiled user dll's ...
Registered in 0.000471 seconds.
Begin MonoManager ReloadAssembly
Native extension for WindowsStandalone target not found
Refreshing native plugins compatible for Editor in 0.23 ms, found 0 plugins.
Preloading 0 native plugins for Editor in 0.00 ms.
Mono: successfully reloaded assembly
- Completed reload, in  0.643 seconds
Platform modules already initialized, skipping
Refreshing native plugins compatible for Editor in 0.23 ms, found 0 plugins.
Preloading 0 native plugins for Editor in 0.00 ms.
Unloading 1142 Unused Serialized files (Serialized files now loaded: 0)
System memory in use before: 60.8 MB.
System memory in use after: 60.9 MB.

Unloading 4 unused Assets to reduce memory usage. Loaded Objects now: 1609.
Total: 1.369400 ms (FindLiveObjects: 0.132500 ms CreateObjectMapping: 0.036000 ms MarkObjects: 1.188800 ms  DeleteObjects: 0.011400 ms)

========================================================================
Received Prepare
Registering precompiled user dll's ...
Registered in 0.000545 seconds.
Begin MonoManager ReloadAssembly
Native extension for WindowsStandalone target not found
Refreshing native plugins compatible for Editor in 0.23 ms, found 0 plugins.
Preloading 0 native plugins for Editor in 0.00 ms.
Mono: successfully reloaded assembly
- Completed reload, in  0.656 seconds
Platform modules already initialized, skipping
Refreshing native plugins compatible for Editor in 0.22 ms, found 0 plugins.
Preloading 0 native plugins for Editor in 0.00 ms.
Unloading 1142 Unused Serialized files (Serialized files now loaded: 0)
System memory in use before: 60.8 MB.
System memory in use after: 60.9 MB.

Unloading 4 unused Assets to reduce memory usage. Loaded Objects now: 1612.
Total: 1.400400 ms (FindLiveObjects: 0.139100 ms CreateObjectMapping: 0.034700 ms MarkObjects: 1.214100 ms  DeleteObjects: 0.011600 ms)

========================================================================
Received Prepare
Registering precompiled user dll's ...
Registered in 0.000536 seconds.
Begin MonoManager ReloadAssembly
Native extension for WindowsStandalone target not found
Refreshing native plugins compatible for Editor in 0.23 ms, found 0 plugins.
Preloading 0 native plugins for Editor in 0.00 ms.
Mono: successfully reloaded assembly
- Completed reload, in  0.650 seconds
Platform modules already initialized, skipping
Refreshing native plugins compatible for Editor in 0.28 ms, found 0 plugins.
Preloading 0 native plugins for Editor in 0.00 ms.
Unloading 1142 Unused Serialized files (Serialized files now loaded: 0)
System memory in use before: 60.8 MB.
System memory in use after: 60.9 MB.

Unloading 4 unused Assets to reduce memory usage. Loaded Objects now: 1615.
Total: 1.397700 ms (FindLiveObjects: 0.164900 ms CreateObjectMapping: 0.038800 ms MarkObjects: 1.182700 ms  DeleteObjects: 0.010300 ms)

========================================================================
Received Prepare
Registering precompiled user dll's ...
Registered in 0.000544 seconds.
Begin MonoManager ReloadAssembly
Native extension for WindowsStandalone target not found
Refreshing native plugins compatible for Editor in 0.23 ms, found 0 plugins.
Preloading 0 native plugins for Editor in 0.00 ms.
Mono: successfully reloaded assembly
- Completed reload, in  0.648 seconds
Platform modules already initialized, skipping
Refreshing native plugins compatible for Editor in 0.23 ms, found 0 plugins.
Preloading 0 native plugins for Editor in 0.00 ms.
Unloading 1142 Unused Serialized files (Serialized files now loaded: 0)
System memory in use before: 60.8 MB.
System memory in use after: 60.9 MB.

Unloading 4 unused Assets to reduce memory usage. Loaded Objects now: 1618.
Total: 1.422800 ms (FindLiveObjects: 0.134600 ms CreateObjectMapping: 0.039000 ms MarkObjects: 1.237600 ms  DeleteObjects: 0.011000 ms)

========================================================================
Received Prepare
Registering precompiled user dll's ...
Registered in 0.000515 seconds.
Begin MonoManager ReloadAssembly
Native extension for WindowsStandalone target not found
Refreshing native plugins compatible for Editor in 0.23 ms, found 0 plugins.
Preloading 0 native plugins for Editor in 0.00 ms.
Mono: successfully reloaded assembly
- Completed reload, in  0.655 seconds
Platform modules already initialized, skipping
Refreshing native plugins compatible for Editor in 0.22 ms, found 0 plugins.
Preloading 0 native plugins for Editor in 0.00 ms.
Unloading 1142 Unused Serialized files (Serialized files now loaded: 0)
System memory in use before: 60.8 MB.
System memory in use after: 60.9 MB.

Unloading 4 unused Assets to reduce memory usage. Loaded Objects now: 1621.
Total: 1.319500 ms (FindLiveObjects: 0.127100 ms CreateObjectMapping: 0.031700 ms MarkObjects: 1.150500 ms  DeleteObjects: 0.009600 ms)

========================================================================
Received Prepare
Registering precompiled user dll's ...
Registered in 0.000595 seconds.
Begin MonoManager ReloadAssembly
Native extension for WindowsStandalone target not found
Refreshing native plugins compatible for Editor in 0.23 ms, found 0 plugins.
Preloading 0 native plugins for Editor in 0.00 ms.
Mono: successfully reloaded assembly
- Completed reload, in  0.648 seconds
Platform modules already initialized, skipping
Refreshing native plugins compatible for Editor in 0.24 ms, found 0 plugins.
Preloading 0 native plugins for Editor in 0.00 ms.
Unloading 1142 Unused Serialized files (Serialized files now loaded: 0)
System memory in use before: 60.8 MB.
System memory in use after: 60.9 MB.

Unloading 4 unused Assets to reduce memory usage. Loaded Objects now: 1624.
Total: 1.512800 ms (FindLiveObjects: 0.140400 ms CreateObjectMapping: 0.033700 ms MarkObjects: 1.326600 ms  DeleteObjects: 0.011100 ms)

========================================================================
Received Prepare
Registering precompiled user dll's ...
Registered in 0.000544 seconds.
Begin MonoManager ReloadAssembly
Native extension for WindowsStandalone target not found
Refreshing native plugins compatible for Editor in 0.23 ms, found 0 plugins.
Preloading 0 native plugins for Editor in 0.00 ms.
Mono: successfully reloaded assembly
- Completed reload, in  0.639 seconds
Platform modules already initialized, skipping
Refreshing native plugins compatible for Editor in 0.23 ms, found 0 plugins.
Preloading 0 native plugins for Editor in 0.00 ms.
Unloading 1142 Unused Serialized files (Serialized files now loaded: 0)
System memory in use before: 60.8 MB.
System memory in use after: 60.9 MB.

Unloading 4 unused Assets to reduce memory usage. Loaded Objects now: 1627.
Total: 1.457700 ms (FindLiveObjects: 0.145100 ms CreateObjectMapping: 0.036800 ms MarkObjects: 1.263600 ms  DeleteObjects: 0.011500 ms)

========================================================================
Received Prepare
Registering precompiled user dll's ...
Registered in 0.000532 seconds.
Begin MonoManager ReloadAssembly
Native extension for WindowsStandalone target not found
Refreshing native plugins compatible for Editor in 0.23 ms, found 0 plugins.
Preloading 0 native plugins for Editor in 0.00 ms.
Mono: successfully reloaded assembly
- Completed reload, in  0.641 seconds
Platform modules already initialized, skipping
Refreshing native plugins compatible for Editor in 0.23 ms, found 0 plugins.
Preloading 0 native plugins for Editor in 0.00 ms.
Unloading 1142 Unused Serialized files (Serialized files now loaded: 0)
System memory in use before: 60.8 MB.
System memory in use after: 60.9 MB.

Unloading 4 unused Assets to reduce memory usage. Loaded Objects now: 1630.
Total: 1.787000 ms (FindLiveObjects: 0.185800 ms CreateObjectMapping: 0.034700 ms MarkObjects: 1.546800 ms  DeleteObjects: 0.018200 ms)

========================================================================
Received Prepare
Registering precompiled user dll's ...
Registered in 0.000521 seconds.
Begin MonoManager ReloadAssembly
Native extension for WindowsStandalone target not found
Refreshing native plugins compatible for Editor in 0.23 ms, found 0 plugins.
Preloading 0 native plugins for Editor in 0.00 ms.
Mono: successfully reloaded assembly
- Completed reload, in  0.634 seconds
Platform modules already initialized, skipping
Refreshing native plugins compatible for Editor in 0.23 ms, found 0 plugins.
Preloading 0 native plugins for Editor in 0.00 ms.
Unloading 1142 Unused Serialized files (Serialized files now loaded: 0)
System memory in use before: 60.8 MB.
System memory in use after: 60.9 MB.

Unloading 4 unused Assets to reduce memory usage. Loaded Objects now: 1633.
Total: 1.432800 ms (FindLiveObjects: 0.149700 ms CreateObjectMapping: 0.037200 ms MarkObjects: 1.232500 ms  DeleteObjects: 0.012500 ms)

========================================================================
Received Prepare
Registering precompiled user dll's ...
Registered in 0.000553 seconds.
Begin MonoManager ReloadAssembly
Native extension for WindowsStandalone target not found
Refreshing native plugins compatible for Editor in 0.26 ms, found 0 plugins.
Preloading 0 native plugins for Editor in 0.00 ms.
Mono: successfully reloaded assembly
- Completed reload, in  0.640 seconds
Platform modules already initialized, skipping
Refreshing native plugins compatible for Editor in 0.23 ms, found 0 plugins.
Preloading 0 native plugins for Editor in 0.00 ms.
Unloading 1142 Unused Serialized files (Serialized files now loaded: 0)
System memory in use before: 60.8 MB.
System memory in use after: 60.9 MB.

Unloading 4 unused Assets to reduce memory usage. Loaded Objects now: 1636.
Total: 1.416100 ms (FindLiveObjects: 0.180100 ms CreateObjectMapping: 0.037700 ms MarkObjects: 1.186000 ms  DeleteObjects: 0.011500 ms)

